Copyright 1986-2018 Xilinx, Inc. All Rights Reserved.
--------------------------------------------------------------------------------------------------------------------------------------------------------------------------------------
| Tool Version : Vivado v.2018.3 (win64) Build 2405991 Thu Dec  6 23:38:27 MST 2018
| Date         : Mon Jan 12 11:08:18 2026
| Host         : violet running 64-bit major release  (build 9200)
| Command      : report_methodology -file design_1_wrapper_methodology_drc_routed.rpt -pb design_1_wrapper_methodology_drc_routed.pb -rpx design_1_wrapper_methodology_drc_routed.rpx
| Design       : design_1_wrapper
| Device       : xc7z020clg400-1
| Speed File   : -1
| Design State : Fully Routed
--------------------------------------------------------------------------------------------------------------------------------------------------------------------------------------

Report Methodology

Table of Contents
-----------------
1. REPORT SUMMARY
2. REPORT DETAILS

1. REPORT SUMMARY
-----------------
            Netlist: netlist
          Floorplan: design_1
      Design limits: <entire design considered>
             Max violations: <unlimited>
             Violations found: 128
+-----------+----------+----------------------------------------------------+------------+
| Rule      | Severity | Description                                        | Violations |
+-----------+----------+----------------------------------------------------+------------+
| LUTAR-1   | Warning  | LUT drives async reset alert                       | 3          |
| TIMING-4  | Warning  | Invalid primary clock redefinition on a clock tree | 1          |
| TIMING-6  | Warning  | No common primary clock between related clocks     | 1          |
| TIMING-7  | Warning  | No common node between related clocks              | 1          |
| TIMING-16 | Warning  | Large setup violation                              | 121        |
| TIMING-27 | Warning  | Invalid primary clock on hierarchical pin          | 1          |
+-----------+----------+----------------------------------------------------+------------+

2. REPORT DETAILS
-----------------
LUTAR-1#1 Warning
LUT drives async reset alert  
LUT cell design_1_i/cg_fpga_0/inst/axi_interconnect_0/m00_couplers/auto_pc/inst/gen_axi4_axi3.axi3_conv_inst/USE_READ.USE_SPLIT_R.read_addr_inst/USE_R_CHANNEL.cmd_queue/inst/fifo_gen_inst/inst_fifo_gen/gconvfifo.rf/grf.rf/rstblk/gc0.count_d1[4]_i_2, with 2 or more inputs, drives asynchronous preset/clear pin(s) design_1_i/cg_fpga_0/inst/axi_interconnect_0/m00_couplers/auto_pc/inst/gen_axi4_axi3.axi3_conv_inst/USE_READ.USE_SPLIT_R.read_addr_inst/USE_R_CHANNEL.cmd_queue/inst/fifo_gen_inst/inst_fifo_gen/gconvfifo.rf/grf.rf/gntv_or_sync_fifo.gl0.rd/rpntr/gc0.count_d1_reg[0]/CLR, design_1_i/cg_fpga_0/inst/axi_interconnect_0/m00_couplers/auto_pc/inst/gen_axi4_axi3.axi3_conv_inst/USE_READ.USE_SPLIT_R.read_addr_inst/USE_R_CHANNEL.cmd_queue/inst/fifo_gen_inst/inst_fifo_gen/gconvfifo.rf/grf.rf/gntv_or_sync_fifo.gl0.rd/rpntr/gc0.count_d1_reg[1]/CLR, design_1_i/cg_fpga_0/inst/axi_interconnect_0/m00_couplers/auto_pc/inst/gen_axi4_axi3.axi3_conv_inst/USE_READ.USE_SPLIT_R.read_addr_inst/USE_R_CHANNEL.cmd_queue/inst/fifo_gen_inst/inst_fifo_gen/gconvfifo.rf/grf.rf/gntv_or_sync_fifo.gl0.rd/rpntr/gc0.count_d1_reg[2]/CLR, design_1_i/cg_fpga_0/inst/axi_interconnect_0/m00_couplers/auto_pc/inst/gen_axi4_axi3.axi3_conv_inst/USE_READ.USE_SPLIT_R.read_addr_inst/USE_R_CHANNEL.cmd_queue/inst/fifo_gen_inst/inst_fifo_gen/gconvfifo.rf/grf.rf/gntv_or_sync_fifo.gl0.rd/rpntr/gc0.count_d1_reg[3]/CLR, design_1_i/cg_fpga_0/inst/axi_interconnect_0/m00_couplers/auto_pc/inst/gen_axi4_axi3.axi3_conv_inst/USE_READ.USE_SPLIT_R.read_addr_inst/USE_R_CHANNEL.cmd_queue/inst/fifo_gen_inst/inst_fifo_gen/gconvfifo.rf/grf.rf/gntv_or_sync_fifo.gl0.rd/rpntr/gc0.count_d1_reg[4]/CLR, design_1_i/cg_fpga_0/inst/axi_interconnect_0/m00_couplers/auto_pc/inst/gen_axi4_axi3.axi3_conv_inst/USE_READ.USE_SPLIT_R.read_addr_inst/USE_R_CHANNEL.cmd_queue/inst/fifo_gen_inst/inst_fifo_gen/gconvfifo.rf/grf.rf/gntv_or_sync_fifo.gl0.rd/rpntr/gc0.count_reg[1]/CLR, design_1_i/cg_fpga_0/inst/axi_interconnect_0/m00_couplers/auto_pc/inst/gen_axi4_axi3.axi3_conv_inst/USE_READ.USE_SPLIT_R.read_addr_inst/USE_R_CHANNEL.cmd_queue/inst/fifo_gen_inst/inst_fifo_gen/gconvfifo.rf/grf.rf/gntv_or_sync_fifo.gl0.rd/rpntr/gc0.count_reg[2]/CLR, design_1_i/cg_fpga_0/inst/axi_interconnect_0/m00_couplers/auto_pc/inst/gen_axi4_axi3.axi3_conv_inst/USE_READ.USE_SPLIT_R.read_addr_inst/USE_R_CHANNEL.cmd_queue/inst/fifo_gen_inst/inst_fifo_gen/gconvfifo.rf/grf.rf/gntv_or_sync_fifo.gl0.rd/rpntr/gc0.count_reg[3]/CLR, design_1_i/cg_fpga_0/inst/axi_interconnect_0/m00_couplers/auto_pc/inst/gen_axi4_axi3.axi3_conv_inst/USE_READ.USE_SPLIT_R.read_addr_inst/USE_R_CHANNEL.cmd_queue/inst/fifo_gen_inst/inst_fifo_gen/gconvfifo.rf/grf.rf/gntv_or_sync_fifo.gl0.rd/rpntr/gc0.count_reg[4]/CLR, design_1_i/cg_fpga_0/inst/axi_interconnect_0/m00_couplers/auto_pc/inst/gen_axi4_axi3.axi3_conv_inst/USE_READ.USE_SPLIT_R.read_addr_inst/USE_R_CHANNEL.cmd_queue/inst/fifo_gen_inst/inst_fifo_gen/gconvfifo.rf/grf.rf/gntv_or_sync_fifo.gl0.rd/rpntr/gc0.count_reg[0]/PRE, design_1_i/cg_fpga_0/inst/axi_interconnect_0/m00_couplers/auto_pc/inst/gen_axi4_axi3.axi3_conv_inst/USE_READ.USE_SPLIT_R.read_addr_inst/USE_R_CHANNEL.cmd_queue/inst/fifo_gen_inst/inst_fifo_gen/gconvfifo.rf/grf.rf/gntv_or_sync_fifo.gl0.rd/gr1.gr1_int.rfwft/gpregsm1.curr_fwft_state_reg[0]/CLR, design_1_i/cg_fpga_0/inst/axi_interconnect_0/m00_couplers/auto_pc/inst/gen_axi4_axi3.axi3_conv_inst/USE_READ.USE_SPLIT_R.read_addr_inst/USE_R_CHANNEL.cmd_queue/inst/fifo_gen_inst/inst_fifo_gen/gconvfifo.rf/grf.rf/gntv_or_sync_fifo.gl0.rd/gr1.gr1_int.rfwft/gpregsm1.curr_fwft_state_reg[1]/CLR, design_1_i/cg_fpga_0/inst/axi_interconnect_0/m00_couplers/auto_pc/inst/gen_axi4_axi3.axi3_conv_inst/USE_READ.USE_SPLIT_R.read_addr_inst/USE_R_CHANNEL.cmd_queue/inst/fifo_gen_inst/inst_fifo_gen/gconvfifo.rf/grf.rf/gntv_or_sync_fifo.gl0.rd/gr1.gr1_int.rfwft/gpregsm1.user_valid_reg/CLR, design_1_i/cg_fpga_0/inst/axi_interconnect_0/m00_couplers/auto_pc/inst/gen_axi4_axi3.axi3_conv_inst/USE_READ.USE_SPLIT_R.read_addr_inst/USE_R_CHANNEL.cmd_queue/inst/fifo_gen_inst/inst_fifo_gen/gconvfifo.rf/grf.rf/gntv_or_sync_fifo.gl0.rd/gr1.gr1_int.rfwft/aempty_fwft_fb_i_reg/PRE, design_1_i/cg_fpga_0/inst/axi_interconnect_0/m00_couplers/auto_pc/inst/gen_axi4_axi3.axi3_conv_inst/USE_READ.USE_SPLIT_R.read_addr_inst/USE_R_CHANNEL.cmd_queue/inst/fifo_gen_inst/inst_fifo_gen/gconvfifo.rf/grf.rf/gntv_or_sync_fifo.gl0.rd/gr1.gr1_int.rfwft/aempty_fwft_i_reg/PRE (the first 15 of 32 listed). The LUT may glitch and trigger an unexpected reset, even if it is a properly timed path.
Related violations: <none>

LUTAR-1#2 Warning
LUT drives async reset alert  
LUT cell design_1_i/cg_fpga_0/inst/axi_interconnect_0/m00_couplers/auto_pc/inst/gen_axi4_axi3.axi3_conv_inst/USE_WRITE.write_addr_inst/USE_BURSTS.cmd_queue/inst/fifo_gen_inst/inst_fifo_gen/gconvfifo.rf/grf.rf/rstblk/gc0.count_d1[4]_i_2, with 2 or more inputs, drives asynchronous preset/clear pin(s) design_1_i/cg_fpga_0/inst/axi_interconnect_0/m00_couplers/auto_pc/inst/gen_axi4_axi3.axi3_conv_inst/USE_WRITE.write_addr_inst/USE_BURSTS.cmd_queue/inst/fifo_gen_inst/inst_fifo_gen/gconvfifo.rf/grf.rf/gntv_or_sync_fifo.gl0.wr/gwss.wsts/ram_full_fb_i_reg/CLR, design_1_i/cg_fpga_0/inst/axi_interconnect_0/m00_couplers/auto_pc/inst/gen_axi4_axi3.axi3_conv_inst/USE_WRITE.write_addr_inst/USE_BURSTS.cmd_queue/inst/fifo_gen_inst/inst_fifo_gen/gconvfifo.rf/grf.rf/gntv_or_sync_fifo.gl0.wr/gwss.wsts/ram_full_i_reg/CLR, design_1_i/cg_fpga_0/inst/axi_interconnect_0/m00_couplers/auto_pc/inst/gen_axi4_axi3.axi3_conv_inst/USE_WRITE.write_addr_inst/USE_BURSTS.cmd_queue/inst/fifo_gen_inst/inst_fifo_gen/gconvfifo.rf/grf.rf/gntv_or_sync_fifo.gl0.wr/wpntr/gcc0.gc0.count_d1_reg[0]/CLR, design_1_i/cg_fpga_0/inst/axi_interconnect_0/m00_couplers/auto_pc/inst/gen_axi4_axi3.axi3_conv_inst/USE_WRITE.write_addr_inst/USE_BURSTS.cmd_queue/inst/fifo_gen_inst/inst_fifo_gen/gconvfifo.rf/grf.rf/gntv_or_sync_fifo.gl0.wr/wpntr/gcc0.gc0.count_d1_reg[1]/CLR, design_1_i/cg_fpga_0/inst/axi_interconnect_0/m00_couplers/auto_pc/inst/gen_axi4_axi3.axi3_conv_inst/USE_WRITE.write_addr_inst/USE_BURSTS.cmd_queue/inst/fifo_gen_inst/inst_fifo_gen/gconvfifo.rf/grf.rf/gntv_or_sync_fifo.gl0.wr/wpntr/gcc0.gc0.count_d1_reg[2]/CLR, design_1_i/cg_fpga_0/inst/axi_interconnect_0/m00_couplers/auto_pc/inst/gen_axi4_axi3.axi3_conv_inst/USE_WRITE.write_addr_inst/USE_BURSTS.cmd_queue/inst/fifo_gen_inst/inst_fifo_gen/gconvfifo.rf/grf.rf/gntv_or_sync_fifo.gl0.wr/wpntr/gcc0.gc0.count_d1_reg[3]/CLR, design_1_i/cg_fpga_0/inst/axi_interconnect_0/m00_couplers/auto_pc/inst/gen_axi4_axi3.axi3_conv_inst/USE_WRITE.write_addr_inst/USE_BURSTS.cmd_queue/inst/fifo_gen_inst/inst_fifo_gen/gconvfifo.rf/grf.rf/gntv_or_sync_fifo.gl0.wr/wpntr/gcc0.gc0.count_d1_reg[4]/CLR, design_1_i/cg_fpga_0/inst/axi_interconnect_0/m00_couplers/auto_pc/inst/gen_axi4_axi3.axi3_conv_inst/USE_WRITE.write_addr_inst/USE_BURSTS.cmd_queue/inst/fifo_gen_inst/inst_fifo_gen/gconvfifo.rf/grf.rf/gntv_or_sync_fifo.gl0.wr/wpntr/gcc0.gc0.count_reg[1]/CLR, design_1_i/cg_fpga_0/inst/axi_interconnect_0/m00_couplers/auto_pc/inst/gen_axi4_axi3.axi3_conv_inst/USE_WRITE.write_addr_inst/USE_BURSTS.cmd_queue/inst/fifo_gen_inst/inst_fifo_gen/gconvfifo.rf/grf.rf/gntv_or_sync_fifo.gl0.wr/wpntr/gcc0.gc0.count_reg[2]/CLR, design_1_i/cg_fpga_0/inst/axi_interconnect_0/m00_couplers/auto_pc/inst/gen_axi4_axi3.axi3_conv_inst/USE_WRITE.write_addr_inst/USE_BURSTS.cmd_queue/inst/fifo_gen_inst/inst_fifo_gen/gconvfifo.rf/grf.rf/gntv_or_sync_fifo.gl0.wr/wpntr/gcc0.gc0.count_reg[3]/CLR, design_1_i/cg_fpga_0/inst/axi_interconnect_0/m00_couplers/auto_pc/inst/gen_axi4_axi3.axi3_conv_inst/USE_WRITE.write_addr_inst/USE_BURSTS.cmd_queue/inst/fifo_gen_inst/inst_fifo_gen/gconvfifo.rf/grf.rf/gntv_or_sync_fifo.gl0.wr/wpntr/gcc0.gc0.count_reg[4]/CLR, design_1_i/cg_fpga_0/inst/axi_interconnect_0/m00_couplers/auto_pc/inst/gen_axi4_axi3.axi3_conv_inst/USE_WRITE.write_addr_inst/USE_BURSTS.cmd_queue/inst/fifo_gen_inst/inst_fifo_gen/gconvfifo.rf/grf.rf/gntv_or_sync_fifo.gl0.wr/wpntr/gcc0.gc0.count_reg[0]/PRE, design_1_i/cg_fpga_0/inst/axi_interconnect_0/m00_couplers/auto_pc/inst/gen_axi4_axi3.axi3_conv_inst/USE_WRITE.write_addr_inst/USE_BURSTS.cmd_queue/inst/fifo_gen_inst/inst_fifo_gen/gconvfifo.rf/grf.rf/gntv_or_sync_fifo.gl0.rd/rpntr/gc0.count_d1_reg[0]/CLR, design_1_i/cg_fpga_0/inst/axi_interconnect_0/m00_couplers/auto_pc/inst/gen_axi4_axi3.axi3_conv_inst/USE_WRITE.write_addr_inst/USE_BURSTS.cmd_queue/inst/fifo_gen_inst/inst_fifo_gen/gconvfifo.rf/grf.rf/gntv_or_sync_fifo.gl0.rd/rpntr/gc0.count_d1_reg[1]/CLR, design_1_i/cg_fpga_0/inst/axi_interconnect_0/m00_couplers/auto_pc/inst/gen_axi4_axi3.axi3_conv_inst/USE_WRITE.write_addr_inst/USE_BURSTS.cmd_queue/inst/fifo_gen_inst/inst_fifo_gen/gconvfifo.rf/grf.rf/gntv_or_sync_fifo.gl0.rd/rpntr/gc0.count_d1_reg[2]/CLR (the first 15 of 32 listed). The LUT may glitch and trigger an unexpected reset, even if it is a properly timed path.
Related violations: <none>

LUTAR-1#3 Warning
LUT drives async reset alert  
LUT cell design_1_i/cg_fpga_0/inst/axi_interconnect_0/m00_couplers/auto_pc/inst/gen_axi4_axi3.axi3_conv_inst/USE_WRITE.write_addr_inst/USE_B_CHANNEL.cmd_b_queue/inst/fifo_gen_inst/inst_fifo_gen/gconvfifo.rf/grf.rf/rstblk/gc0.count_d1[4]_i_2, with 2 or more inputs, drives asynchronous preset/clear pin(s) design_1_i/cg_fpga_0/inst/axi_interconnect_0/m00_couplers/auto_pc/inst/gen_axi4_axi3.axi3_conv_inst/USE_WRITE.write_addr_inst/USE_B_CHANNEL.cmd_b_queue/inst/fifo_gen_inst/inst_fifo_gen/gconvfifo.rf/grf.rf/gntv_or_sync_fifo.gl0.wr/gwss.wsts/ram_full_fb_i_reg/CLR, design_1_i/cg_fpga_0/inst/axi_interconnect_0/m00_couplers/auto_pc/inst/gen_axi4_axi3.axi3_conv_inst/USE_WRITE.write_addr_inst/USE_B_CHANNEL.cmd_b_queue/inst/fifo_gen_inst/inst_fifo_gen/gconvfifo.rf/grf.rf/gntv_or_sync_fifo.gl0.wr/gwss.wsts/ram_full_i_reg/CLR, design_1_i/cg_fpga_0/inst/axi_interconnect_0/m00_couplers/auto_pc/inst/gen_axi4_axi3.axi3_conv_inst/USE_WRITE.write_addr_inst/USE_B_CHANNEL.cmd_b_queue/inst/fifo_gen_inst/inst_fifo_gen/gconvfifo.rf/grf.rf/gntv_or_sync_fifo.gl0.wr/wpntr/gcc0.gc0.count_d1_reg[0]/CLR, design_1_i/cg_fpga_0/inst/axi_interconnect_0/m00_couplers/auto_pc/inst/gen_axi4_axi3.axi3_conv_inst/USE_WRITE.write_addr_inst/USE_B_CHANNEL.cmd_b_queue/inst/fifo_gen_inst/inst_fifo_gen/gconvfifo.rf/grf.rf/gntv_or_sync_fifo.gl0.wr/wpntr/gcc0.gc0.count_d1_reg[1]/CLR, design_1_i/cg_fpga_0/inst/axi_interconnect_0/m00_couplers/auto_pc/inst/gen_axi4_axi3.axi3_conv_inst/USE_WRITE.write_addr_inst/USE_B_CHANNEL.cmd_b_queue/inst/fifo_gen_inst/inst_fifo_gen/gconvfifo.rf/grf.rf/gntv_or_sync_fifo.gl0.wr/wpntr/gcc0.gc0.count_d1_reg[2]/CLR, design_1_i/cg_fpga_0/inst/axi_interconnect_0/m00_couplers/auto_pc/inst/gen_axi4_axi3.axi3_conv_inst/USE_WRITE.write_addr_inst/USE_B_CHANNEL.cmd_b_queue/inst/fifo_gen_inst/inst_fifo_gen/gconvfifo.rf/grf.rf/gntv_or_sync_fifo.gl0.wr/wpntr/gcc0.gc0.count_d1_reg[3]/CLR, design_1_i/cg_fpga_0/inst/axi_interconnect_0/m00_couplers/auto_pc/inst/gen_axi4_axi3.axi3_conv_inst/USE_WRITE.write_addr_inst/USE_B_CHANNEL.cmd_b_queue/inst/fifo_gen_inst/inst_fifo_gen/gconvfifo.rf/grf.rf/gntv_or_sync_fifo.gl0.wr/wpntr/gcc0.gc0.count_d1_reg[4]/CLR, design_1_i/cg_fpga_0/inst/axi_interconnect_0/m00_couplers/auto_pc/inst/gen_axi4_axi3.axi3_conv_inst/USE_WRITE.write_addr_inst/USE_B_CHANNEL.cmd_b_queue/inst/fifo_gen_inst/inst_fifo_gen/gconvfifo.rf/grf.rf/gntv_or_sync_fifo.gl0.wr/wpntr/gcc0.gc0.count_reg[1]/CLR, design_1_i/cg_fpga_0/inst/axi_interconnect_0/m00_couplers/auto_pc/inst/gen_axi4_axi3.axi3_conv_inst/USE_WRITE.write_addr_inst/USE_B_CHANNEL.cmd_b_queue/inst/fifo_gen_inst/inst_fifo_gen/gconvfifo.rf/grf.rf/gntv_or_sync_fifo.gl0.wr/wpntr/gcc0.gc0.count_reg[2]/CLR, design_1_i/cg_fpga_0/inst/axi_interconnect_0/m00_couplers/auto_pc/inst/gen_axi4_axi3.axi3_conv_inst/USE_WRITE.write_addr_inst/USE_B_CHANNEL.cmd_b_queue/inst/fifo_gen_inst/inst_fifo_gen/gconvfifo.rf/grf.rf/gntv_or_sync_fifo.gl0.wr/wpntr/gcc0.gc0.count_reg[3]/CLR, design_1_i/cg_fpga_0/inst/axi_interconnect_0/m00_couplers/auto_pc/inst/gen_axi4_axi3.axi3_conv_inst/USE_WRITE.write_addr_inst/USE_B_CHANNEL.cmd_b_queue/inst/fifo_gen_inst/inst_fifo_gen/gconvfifo.rf/grf.rf/gntv_or_sync_fifo.gl0.wr/wpntr/gcc0.gc0.count_reg[4]/CLR, design_1_i/cg_fpga_0/inst/axi_interconnect_0/m00_couplers/auto_pc/inst/gen_axi4_axi3.axi3_conv_inst/USE_WRITE.write_addr_inst/USE_B_CHANNEL.cmd_b_queue/inst/fifo_gen_inst/inst_fifo_gen/gconvfifo.rf/grf.rf/gntv_or_sync_fifo.gl0.wr/wpntr/gcc0.gc0.count_reg[0]/PRE, design_1_i/cg_fpga_0/inst/axi_interconnect_0/m00_couplers/auto_pc/inst/gen_axi4_axi3.axi3_conv_inst/USE_WRITE.write_addr_inst/USE_B_CHANNEL.cmd_b_queue/inst/fifo_gen_inst/inst_fifo_gen/gconvfifo.rf/grf.rf/gntv_or_sync_fifo.gl0.rd/rpntr/gc0.count_d1_reg[0]/CLR, design_1_i/cg_fpga_0/inst/axi_interconnect_0/m00_couplers/auto_pc/inst/gen_axi4_axi3.axi3_conv_inst/USE_WRITE.write_addr_inst/USE_B_CHANNEL.cmd_b_queue/inst/fifo_gen_inst/inst_fifo_gen/gconvfifo.rf/grf.rf/gntv_or_sync_fifo.gl0.rd/rpntr/gc0.count_d1_reg[1]/CLR, design_1_i/cg_fpga_0/inst/axi_interconnect_0/m00_couplers/auto_pc/inst/gen_axi4_axi3.axi3_conv_inst/USE_WRITE.write_addr_inst/USE_B_CHANNEL.cmd_b_queue/inst/fifo_gen_inst/inst_fifo_gen/gconvfifo.rf/grf.rf/gntv_or_sync_fifo.gl0.rd/rpntr/gc0.count_d1_reg[2]/CLR (the first 15 of 32 listed). The LUT may glitch and trigger an unexpected reset, even if it is a properly timed path.
Related violations: <none>

TIMING-4#1 Warning
Invalid primary clock redefinition on a clock tree  
Invalid clock redefinition on a clock tree. The primary clock design_1_i/clk_wiz_0/inst/clk_in1 is defined downstream of clock clk_fpga_0 and overrides its insertion delay and/or waveform definition
Related violations: <none>

TIMING-6#1 Warning
No common primary clock between related clocks  
The clocks clk_fpga_0 and clk_out1_design_1_clk_wiz_0_1 are related (timed together) but they have no common primary clock. The design could fail in hardware. To find a timing path between these clocks, run the following command: report_timing -from [get_clocks clk_fpga_0] -to [get_clocks clk_out1_design_1_clk_wiz_0_1]
Related violations: <none>

TIMING-7#1 Warning
No common node between related clocks  
The clocks clk_fpga_0 and clk_out1_design_1_clk_wiz_0_1 are related (timed together) but they have no common node. The design could fail in hardware. To find a timing path between these clocks, run the following command: report_timing -from [get_clocks clk_fpga_0] -to [get_clocks clk_out1_design_1_clk_wiz_0_1]
Related violations: <none>

TIMING-16#1 Warning
Large setup violation  
There is a large setup violation of -1.010 ns between design_1_i/cg_fpga_0/inst/cg_fpga_axi_gpio_o1/U0/gpio_core_1/Dual.gpio_Data_Out_reg[16]/C (clocked by clk_fpga_0) and design_1_i/top_0/inst/Loongarch32_Lite_FullSyS0/Loongarch32_Lite0/exemem_reg0/mem_wd_reg[2]_replica_4/D (clocked by clk_out1_design_1_clk_wiz_0_1). Large setup violations at the end of those stages might be difficult to fix during the post-placement implementation flow and could be the result of non-optimal XDC constraints or non-optimal design architecture
Related violations: <none>

TIMING-16#2 Warning
Large setup violation  
There is a large setup violation of -1.012 ns between design_1_i/cg_fpga_0/inst/cg_fpga_axi_gpio_o2/U0/gpio_core_1/Dual.gpio_Data_Out_reg[28]/C (clocked by clk_fpga_0) and design_1_i/top_0/inst/Loongarch32_Lite_FullSyS0/Loongarch32_Lite0/exemem_reg0/mem_wd_reg[6]/D (clocked by clk_out1_design_1_clk_wiz_0_1). Large setup violations at the end of those stages might be difficult to fix during the post-placement implementation flow and could be the result of non-optimal XDC constraints or non-optimal design architecture
Related violations: <none>

TIMING-16#3 Warning
Large setup violation  
There is a large setup violation of -1.014 ns between design_1_i/cg_fpga_0/inst/cg_fpga_axi_gpio_o1/U0/gpio_core_1/Dual.gpio_Data_Out_reg[8]/C (clocked by clk_fpga_0) and design_1_i/top_0/inst/Loongarch32_Lite_FullSyS0/Loongarch32_Lite0/exemem_reg0/mem_wd_reg[0]/D (clocked by clk_out1_design_1_clk_wiz_0_1). Large setup violations at the end of those stages might be difficult to fix during the post-placement implementation flow and could be the result of non-optimal XDC constraints or non-optimal design architecture
Related violations: <none>

TIMING-16#4 Warning
Large setup violation  
There is a large setup violation of -1.014 ns between design_1_i/cg_fpga_0/inst/cg_fpga_axi_gpio_o2/U0/gpio_core_1/Dual.gpio_Data_Out_reg[28]/C (clocked by clk_fpga_0) and design_1_i/top_0/inst/Loongarch32_Lite_FullSyS0/Loongarch32_Lite0/exemem_reg0/mem_wd_reg[14]/D (clocked by clk_out1_design_1_clk_wiz_0_1). Large setup violations at the end of those stages might be difficult to fix during the post-placement implementation flow and could be the result of non-optimal XDC constraints or non-optimal design architecture
Related violations: <none>

TIMING-16#5 Warning
Large setup violation  
There is a large setup violation of -1.065 ns between design_1_i/cg_fpga_0/inst/cg_fpga_axi_gpio_o2/U0/gpio_core_1/Dual.gpio_Data_Out_reg[28]/C (clocked by clk_fpga_0) and design_1_i/top_0/inst/Loongarch32_Lite_FullSyS0/Loongarch32_Lite0/exemem_reg0/mem_wd_reg[4]_replica/D (clocked by clk_out1_design_1_clk_wiz_0_1). Large setup violations at the end of those stages might be difficult to fix during the post-placement implementation flow and could be the result of non-optimal XDC constraints or non-optimal design architecture
Related violations: <none>

TIMING-16#6 Warning
Large setup violation  
There is a large setup violation of -1.082 ns between design_1_i/cg_fpga_0/inst/cg_fpga_axi_gpio_o1/U0/gpio_core_1/Dual.gpio_Data_Out_reg[16]/C (clocked by clk_fpga_0) and design_1_i/top_0/inst/Loongarch32_Lite_FullSyS0/Loongarch32_Lite0/exemem_reg0/mem_wd_reg[2]_replica_12/D (clocked by clk_out1_design_1_clk_wiz_0_1). Large setup violations at the end of those stages might be difficult to fix during the post-placement implementation flow and could be the result of non-optimal XDC constraints or non-optimal design architecture
Related violations: <none>

TIMING-16#7 Warning
Large setup violation  
There is a large setup violation of -1.137 ns between design_1_i/cg_fpga_0/inst/cg_fpga_axi_gpio_o2/U0/gpio_core_1/Dual.gpio_Data_Out_reg[28]/C (clocked by clk_fpga_0) and design_1_i/top_0/inst/Loongarch32_Lite_FullSyS0/Loongarch32_Lite0/exemem_reg0/mem_wd_reg[4]_replica_11/D (clocked by clk_out1_design_1_clk_wiz_0_1). Large setup violations at the end of those stages might be difficult to fix during the post-placement implementation flow and could be the result of non-optimal XDC constraints or non-optimal design architecture
Related violations: <none>

TIMING-16#8 Warning
Large setup violation  
There is a large setup violation of -1.158 ns between design_1_i/cg_fpga_0/inst/cg_fpga_axi_gpio_o2/U0/gpio_core_1/Dual.gpio_Data_Out_reg[28]/C (clocked by clk_fpga_0) and design_1_i/top_0/inst/Loongarch32_Lite_FullSyS0/Loongarch32_Lite0/exemem_reg0/mem_wd_reg[7]/D (clocked by clk_out1_design_1_clk_wiz_0_1). Large setup violations at the end of those stages might be difficult to fix during the post-placement implementation flow and could be the result of non-optimal XDC constraints or non-optimal design architecture
Related violations: <none>

TIMING-16#9 Warning
Large setup violation  
There is a large setup violation of -1.307 ns between design_1_i/cg_fpga_0/inst/cg_fpga_axi_gpio_o1/U0/gpio_core_1/Dual.gpio_Data_Out_reg[16]/C (clocked by clk_fpga_0) and design_1_i/top_0/inst/Loongarch32_Lite_FullSyS0/Loongarch32_Lite0/exemem_reg0/mem_wd_reg[2]_replica/D (clocked by clk_out1_design_1_clk_wiz_0_1). Large setup violations at the end of those stages might be difficult to fix during the post-placement implementation flow and could be the result of non-optimal XDC constraints or non-optimal design architecture
Related violations: <none>

TIMING-16#10 Warning
Large setup violation  
There is a large setup violation of -1.359 ns between design_1_i/cg_fpga_0/inst/cg_fpga_axi_gpio_o2/U0/gpio_core_1/Dual.gpio_Data_Out_reg[28]/C (clocked by clk_fpga_0) and design_1_i/top_0/inst/Loongarch32_Lite_FullSyS0/Loongarch32_Lite0/exemem_reg0/mem_wd_reg[13]/D (clocked by clk_out1_design_1_clk_wiz_0_1). Large setup violations at the end of those stages might be difficult to fix during the post-placement implementation flow and could be the result of non-optimal XDC constraints or non-optimal design architecture
Related violations: <none>

TIMING-16#11 Warning
Large setup violation  
There is a large setup violation of -1.406 ns between design_1_i/cg_fpga_0/inst/cg_fpga_axi_gpio_o2/U0/gpio_core_1/Dual.gpio_Data_Out_reg[28]/C (clocked by clk_fpga_0) and design_1_i/top_0/inst/Loongarch32_Lite_FullSyS0/Loongarch32_Lite0/exemem_reg0/mem_wd_reg[11]/D (clocked by clk_out1_design_1_clk_wiz_0_1). Large setup violations at the end of those stages might be difficult to fix during the post-placement implementation flow and could be the result of non-optimal XDC constraints or non-optimal design architecture
Related violations: <none>

TIMING-16#12 Warning
Large setup violation  
There is a large setup violation of -1.460 ns between design_1_i/cg_fpga_0/inst/cg_fpga_axi_gpio_o2/U0/gpio_core_1/Dual.gpio_Data_Out_reg[28]/C (clocked by clk_fpga_0) and design_1_i/top_0/inst/Loongarch32_Lite_FullSyS0/Loongarch32_Lite0/exemem_reg0/mem_wd_reg[8]/D (clocked by clk_out1_design_1_clk_wiz_0_1). Large setup violations at the end of those stages might be difficult to fix during the post-placement implementation flow and could be the result of non-optimal XDC constraints or non-optimal design architecture
Related violations: <none>

TIMING-16#13 Warning
Large setup violation  
There is a large setup violation of -1.482 ns between design_1_i/cg_fpga_0/inst/cg_fpga_axi_gpio_o1/U0/gpio_core_1/Dual.gpio_Data_Out_reg[16]/C (clocked by clk_fpga_0) and design_1_i/top_0/inst/Loongarch32_Lite_FullSyS0/Loongarch32_Lite0/exemem_reg0/mem_wd_reg[2]_replica_11/D (clocked by clk_out1_design_1_clk_wiz_0_1). Large setup violations at the end of those stages might be difficult to fix during the post-placement implementation flow and could be the result of non-optimal XDC constraints or non-optimal design architecture
Related violations: <none>

TIMING-16#14 Warning
Large setup violation  
There is a large setup violation of -1.483 ns between design_1_i/cg_fpga_0/inst/cg_fpga_axi_gpio_o1/U0/gpio_core_1/Dual.gpio_Data_Out_reg[16]/C (clocked by clk_fpga_0) and design_1_i/top_0/inst/Loongarch32_Lite_FullSyS0/Loongarch32_Lite0/exemem_reg0/mem_wd_reg[2]_replica_1/D (clocked by clk_out1_design_1_clk_wiz_0_1). Large setup violations at the end of those stages might be difficult to fix during the post-placement implementation flow and could be the result of non-optimal XDC constraints or non-optimal design architecture
Related violations: <none>

TIMING-16#15 Warning
Large setup violation  
There is a large setup violation of -1.494 ns between design_1_i/cg_fpga_0/inst/cg_fpga_axi_gpio_o2/U0/gpio_core_1/Dual.gpio_Data_Out_reg[28]/C (clocked by clk_fpga_0) and design_1_i/top_0/inst/Loongarch32_Lite_FullSyS0/Loongarch32_Lite0/exemem_reg0/mem_wd_reg[4]_replica_1/D (clocked by clk_out1_design_1_clk_wiz_0_1). Large setup violations at the end of those stages might be difficult to fix during the post-placement implementation flow and could be the result of non-optimal XDC constraints or non-optimal design architecture
Related violations: <none>

TIMING-16#16 Warning
Large setup violation  
There is a large setup violation of -1.544 ns between design_1_i/cg_fpga_0/inst/cg_fpga_axi_gpio_o2/U0/gpio_core_1/Dual.gpio_Data_Out_reg[28]/C (clocked by clk_fpga_0) and design_1_i/top_0/inst/Loongarch32_Lite_FullSyS0/Loongarch32_Lite0/exemem_reg0/mem_wd_reg[4]_replica_2/D (clocked by clk_out1_design_1_clk_wiz_0_1). Large setup violations at the end of those stages might be difficult to fix during the post-placement implementation flow and could be the result of non-optimal XDC constraints or non-optimal design architecture
Related violations: <none>

TIMING-16#17 Warning
Large setup violation  
There is a large setup violation of -1.628 ns between design_1_i/cg_fpga_0/inst/cg_fpga_axi_gpio_o2/U0/gpio_core_1/Dual.gpio_Data_Out_reg[28]/C (clocked by clk_fpga_0) and design_1_i/top_0/inst/Loongarch32_Lite_FullSyS0/Loongarch32_Lite0/exemem_reg0/mem_wd_reg[4]_replica_9/D (clocked by clk_out1_design_1_clk_wiz_0_1). Large setup violations at the end of those stages might be difficult to fix during the post-placement implementation flow and could be the result of non-optimal XDC constraints or non-optimal design architecture
Related violations: <none>

TIMING-16#18 Warning
Large setup violation  
There is a large setup violation of -1.649 ns between design_1_i/cg_fpga_0/inst/cg_fpga_axi_gpio_o2/U0/gpio_core_1/Dual.gpio_Data_Out_reg[28]/C (clocked by clk_fpga_0) and design_1_i/top_0/inst/Loongarch32_Lite_FullSyS0/Loongarch32_Lite0/exemem_reg0/mem_wd_reg[4]_replica_4/D (clocked by clk_out1_design_1_clk_wiz_0_1). Large setup violations at the end of those stages might be difficult to fix during the post-placement implementation flow and could be the result of non-optimal XDC constraints or non-optimal design architecture
Related violations: <none>

TIMING-16#19 Warning
Large setup violation  
There is a large setup violation of -1.664 ns between design_1_i/cg_fpga_0/inst/cg_fpga_axi_gpio_o2/U0/gpio_core_1/Dual.gpio_Data_Out_reg[28]/C (clocked by clk_fpga_0) and design_1_i/top_0/inst/Loongarch32_Lite_FullSyS0/Loongarch32_Lite0/exemem_reg0/mem_wd_reg[4]_replica_10/D (clocked by clk_out1_design_1_clk_wiz_0_1). Large setup violations at the end of those stages might be difficult to fix during the post-placement implementation flow and could be the result of non-optimal XDC constraints or non-optimal design architecture
Related violations: <none>

TIMING-16#20 Warning
Large setup violation  
There is a large setup violation of -1.684 ns between design_1_i/cg_fpga_0/inst/cg_fpga_axi_gpio_o1/U0/gpio_core_1/Dual.gpio2_Data_Out_reg[24]/C (clocked by clk_fpga_0) and design_1_i/top_0/inst/Loongarch32_Lite_FullSyS0/Loongarch32_Lite0/exemem_reg0/mem_wd_reg[12]/D (clocked by clk_out1_design_1_clk_wiz_0_1). Large setup violations at the end of those stages might be difficult to fix during the post-placement implementation flow and could be the result of non-optimal XDC constraints or non-optimal design architecture
Related violations: <none>

TIMING-16#21 Warning
Large setup violation  
There is a large setup violation of -1.867 ns between design_1_i/cg_fpga_0/inst/cg_fpga_axi_gpio_o1/U0/gpio_core_1/Dual.gpio_Data_Out_reg[16]/C (clocked by clk_fpga_0) and design_1_i/top_0/inst/Loongarch32_Lite_FullSyS0/Loongarch32_Lite0/exemem_reg0/mem_wd_reg[2]_replica_2/D (clocked by clk_out1_design_1_clk_wiz_0_1). Large setup violations at the end of those stages might be difficult to fix during the post-placement implementation flow and could be the result of non-optimal XDC constraints or non-optimal design architecture
Related violations: <none>

TIMING-16#22 Warning
Large setup violation  
There is a large setup violation of -1.882 ns between design_1_i/cg_fpga_0/inst/cg_fpga_axi_gpio_o1/U0/gpio_core_1/Dual.gpio_Data_Out_reg[16]/C (clocked by clk_fpga_0) and design_1_i/top_0/inst/Loongarch32_Lite_FullSyS0/Loongarch32_Lite0/exemem_reg0/mem_wd_reg[2]_replica_9/D (clocked by clk_out1_design_1_clk_wiz_0_1). Large setup violations at the end of those stages might be difficult to fix during the post-placement implementation flow and could be the result of non-optimal XDC constraints or non-optimal design architecture
Related violations: <none>

TIMING-16#23 Warning
Large setup violation  
There is a large setup violation of -1.912 ns between design_1_i/cg_fpga_0/inst/cg_fpga_axi_gpio_o1/U0/gpio_core_1/Dual.gpio_Data_Out_reg[16]/C (clocked by clk_fpga_0) and design_1_i/top_0/inst/Loongarch32_Lite_FullSyS0/Loongarch32_Lite0/exemem_reg0/mem_wd_reg[2]_replica_7/D (clocked by clk_out1_design_1_clk_wiz_0_1). Large setup violations at the end of those stages might be difficult to fix during the post-placement implementation flow and could be the result of non-optimal XDC constraints or non-optimal design architecture
Related violations: <none>

TIMING-16#24 Warning
Large setup violation  
There is a large setup violation of -1.982 ns between design_1_i/cg_fpga_0/inst/cg_fpga_axi_gpio_o1/U0/gpio_core_1/Dual.gpio_Data_Out_reg[16]/C (clocked by clk_fpga_0) and design_1_i/top_0/inst/Loongarch32_Lite_FullSyS0/Loongarch32_Lite0/exemem_reg0/mem_wd_reg[2]/D (clocked by clk_out1_design_1_clk_wiz_0_1). Large setup violations at the end of those stages might be difficult to fix during the post-placement implementation flow and could be the result of non-optimal XDC constraints or non-optimal design architecture
Related violations: <none>

TIMING-16#25 Warning
Large setup violation  
There is a large setup violation of -2.022 ns between design_1_i/cg_fpga_0/inst/cg_fpga_axi_gpio_o1/U0/gpio_core_1/Dual.gpio_Data_Out_reg[16]/C (clocked by clk_fpga_0) and design_1_i/top_0/inst/Loongarch32_Lite_FullSyS0/Loongarch32_Lite0/exemem_reg0/mem_wd_reg[2]_replica_10/D (clocked by clk_out1_design_1_clk_wiz_0_1). Large setup violations at the end of those stages might be difficult to fix during the post-placement implementation flow and could be the result of non-optimal XDC constraints or non-optimal design architecture
Related violations: <none>

TIMING-16#26 Warning
Large setup violation  
There is a large setup violation of -2.071 ns between design_1_i/cg_fpga_0/inst/cg_fpga_axi_gpio_o1/U0/gpio_core_1/Dual.gpio_Data_Out_reg[16]/C (clocked by clk_fpga_0) and design_1_i/top_0/inst/Loongarch32_Lite_FullSyS0/Loongarch32_Lite0/exemem_reg0/mem_wd_reg[10]/D (clocked by clk_out1_design_1_clk_wiz_0_1). Large setup violations at the end of those stages might be difficult to fix during the post-placement implementation flow and could be the result of non-optimal XDC constraints or non-optimal design architecture
Related violations: <none>

TIMING-16#27 Warning
Large setup violation  
There is a large setup violation of -2.111 ns between design_1_i/cg_fpga_0/inst/cg_fpga_axi_gpio_o1/U0/gpio_core_1/Dual.gpio_Data_Out_reg[16]/C (clocked by clk_fpga_0) and design_1_i/top_0/inst/Loongarch32_Lite_FullSyS0/Loongarch32_Lite0/exemem_reg0/mem_wd_reg[9]/D (clocked by clk_out1_design_1_clk_wiz_0_1). Large setup violations at the end of those stages might be difficult to fix during the post-placement implementation flow and could be the result of non-optimal XDC constraints or non-optimal design architecture
Related violations: <none>

TIMING-16#28 Warning
Large setup violation  
There is a large setup violation of -2.113 ns between design_1_i/cg_fpga_0/inst/cg_fpga_axi_gpio_o1/U0/gpio_core_1/Dual.gpio_Data_Out_reg[16]/C (clocked by clk_fpga_0) and design_1_i/top_0/inst/Loongarch32_Lite_FullSyS0/Loongarch32_Lite0/exemem_reg0/mem_wd_reg[2]_replica_3/D (clocked by clk_out1_design_1_clk_wiz_0_1). Large setup violations at the end of those stages might be difficult to fix during the post-placement implementation flow and could be the result of non-optimal XDC constraints or non-optimal design architecture
Related violations: <none>

TIMING-16#29 Warning
Large setup violation  
There is a large setup violation of -4.197 ns between design_1_i/cg_fpga_0/inst/cg_fpga_axi_gpio_o1/U0/gpio_core_1/Dual.gpio_Data_Out_reg[8]/C (clocked by clk_fpga_0) and design_1_i/top_0/inst/Loongarch32_Lite_FullSyS0/Loongarch32_Lite0/if_stage0/pc_reg[7]/D (clocked by clk_out1_design_1_clk_wiz_0_1). Large setup violations at the end of those stages might be difficult to fix during the post-placement implementation flow and could be the result of non-optimal XDC constraints or non-optimal design architecture
Related violations: <none>

TIMING-16#30 Warning
Large setup violation  
There is a large setup violation of -4.201 ns between design_1_i/cg_fpga_0/inst/cg_fpga_axi_gpio_o1/U0/gpio_core_1/Dual.gpio_Data_Out_reg[8]/C (clocked by clk_fpga_0) and design_1_i/top_0/inst/Loongarch32_Lite_FullSyS0/Loongarch32_Lite0/if_stage0/pc_reg[5]/D (clocked by clk_out1_design_1_clk_wiz_0_1). Large setup violations at the end of those stages might be difficult to fix during the post-placement implementation flow and could be the result of non-optimal XDC constraints or non-optimal design architecture
Related violations: <none>

TIMING-16#31 Warning
Large setup violation  
There is a large setup violation of -4.232 ns between design_1_i/cg_fpga_0/inst/cg_fpga_axi_gpio_o1/U0/gpio_core_1/Dual.gpio_Data_Out_reg[8]/C (clocked by clk_fpga_0) and design_1_i/top_0/inst/Loongarch32_Lite_FullSyS0/Loongarch32_Lite0/if_stage0/pc_reg[6]/D (clocked by clk_out1_design_1_clk_wiz_0_1). Large setup violations at the end of those stages might be difficult to fix during the post-placement implementation flow and could be the result of non-optimal XDC constraints or non-optimal design architecture
Related violations: <none>

TIMING-16#32 Warning
Large setup violation  
There is a large setup violation of -4.247 ns between design_1_i/cg_fpga_0/inst/cg_fpga_axi_gpio_o1/U0/gpio_core_1/Dual.gpio_Data_Out_reg[8]/C (clocked by clk_fpga_0) and design_1_i/top_0/inst/Loongarch32_Lite_FullSyS0/Loongarch32_Lite0/if_stage0/pc_reg[11]/D (clocked by clk_out1_design_1_clk_wiz_0_1). Large setup violations at the end of those stages might be difficult to fix during the post-placement implementation flow and could be the result of non-optimal XDC constraints or non-optimal design architecture
Related violations: <none>

TIMING-16#33 Warning
Large setup violation  
There is a large setup violation of -4.249 ns between design_1_i/cg_fpga_0/inst/cg_fpga_axi_gpio_o1/U0/gpio_core_1/Dual.gpio_Data_Out_reg[8]/C (clocked by clk_fpga_0) and design_1_i/top_0/inst/Loongarch32_Lite_FullSyS0/Loongarch32_Lite0/if_stage0/pc_reg[13]/D (clocked by clk_out1_design_1_clk_wiz_0_1). Large setup violations at the end of those stages might be difficult to fix during the post-placement implementation flow and could be the result of non-optimal XDC constraints or non-optimal design architecture
Related violations: <none>

TIMING-16#34 Warning
Large setup violation  
There is a large setup violation of -4.281 ns between design_1_i/cg_fpga_0/inst/cg_fpga_axi_gpio_o1/U0/gpio_core_1/Dual.gpio_Data_Out_reg[8]/C (clocked by clk_fpga_0) and design_1_i/top_0/inst/Loongarch32_Lite_FullSyS0/Loongarch32_Lite0/if_stage0/pc_reg[12]/D (clocked by clk_out1_design_1_clk_wiz_0_1). Large setup violations at the end of those stages might be difficult to fix during the post-placement implementation flow and could be the result of non-optimal XDC constraints or non-optimal design architecture
Related violations: <none>

TIMING-16#35 Warning
Large setup violation  
There is a large setup violation of -4.336 ns between design_1_i/cg_fpga_0/inst/cg_fpga_axi_gpio_o1/U0/gpio_core_1/Dual.gpio_Data_Out_reg[8]/C (clocked by clk_fpga_0) and design_1_i/top_0/inst/Loongarch32_Lite_FullSyS0/Loongarch32_Lite0/if_stage0/pc_reg[18]/D (clocked by clk_out1_design_1_clk_wiz_0_1). Large setup violations at the end of those stages might be difficult to fix during the post-placement implementation flow and could be the result of non-optimal XDC constraints or non-optimal design architecture
Related violations: <none>

TIMING-16#36 Warning
Large setup violation  
There is a large setup violation of -4.338 ns between design_1_i/cg_fpga_0/inst/cg_fpga_axi_gpio_o1/U0/gpio_core_1/Dual.gpio_Data_Out_reg[8]/C (clocked by clk_fpga_0) and design_1_i/top_0/inst/Loongarch32_Lite_FullSyS0/Loongarch32_Lite0/if_stage0/pc_reg[8]/D (clocked by clk_out1_design_1_clk_wiz_0_1). Large setup violations at the end of those stages might be difficult to fix during the post-placement implementation flow and could be the result of non-optimal XDC constraints or non-optimal design architecture
Related violations: <none>

TIMING-16#37 Warning
Large setup violation  
There is a large setup violation of -4.370 ns between design_1_i/cg_fpga_0/inst/cg_fpga_axi_gpio_o1/U0/gpio_core_1/Dual.gpio_Data_Out_reg[8]/C (clocked by clk_fpga_0) and design_1_i/top_0/inst/Loongarch32_Lite_FullSyS0/Loongarch32_Lite0/if_stage0/pc_reg[31]/D (clocked by clk_out1_design_1_clk_wiz_0_1). Large setup violations at the end of those stages might be difficult to fix during the post-placement implementation flow and could be the result of non-optimal XDC constraints or non-optimal design architecture
Related violations: <none>

TIMING-16#38 Warning
Large setup violation  
There is a large setup violation of -4.387 ns between design_1_i/cg_fpga_0/inst/cg_fpga_axi_gpio_o1/U0/gpio_core_1/Dual.gpio_Data_Out_reg[8]/C (clocked by clk_fpga_0) and design_1_i/top_0/inst/Loongarch32_Lite_FullSyS0/Loongarch32_Lite0/if_stage0/pc_reg[10]/D (clocked by clk_out1_design_1_clk_wiz_0_1). Large setup violations at the end of those stages might be difficult to fix during the post-placement implementation flow and could be the result of non-optimal XDC constraints or non-optimal design architecture
Related violations: <none>

TIMING-16#39 Warning
Large setup violation  
There is a large setup violation of -4.388 ns between design_1_i/cg_fpga_0/inst/cg_fpga_axi_gpio_o1/U0/gpio_core_1/Dual.gpio_Data_Out_reg[8]/C (clocked by clk_fpga_0) and design_1_i/top_0/inst/Loongarch32_Lite_FullSyS0/Loongarch32_Lite0/if_stage0/pc_reg[16]/D (clocked by clk_out1_design_1_clk_wiz_0_1). Large setup violations at the end of those stages might be difficult to fix during the post-placement implementation flow and could be the result of non-optimal XDC constraints or non-optimal design architecture
Related violations: <none>

TIMING-16#40 Warning
Large setup violation  
There is a large setup violation of -4.390 ns between design_1_i/cg_fpga_0/inst/cg_fpga_axi_gpio_o1/U0/gpio_core_1/Dual.gpio_Data_Out_reg[8]/C (clocked by clk_fpga_0) and design_1_i/top_0/inst/Loongarch32_Lite_FullSyS0/Loongarch32_Lite0/if_stage0/pc_reg[28]/D (clocked by clk_out1_design_1_clk_wiz_0_1). Large setup violations at the end of those stages might be difficult to fix during the post-placement implementation flow and could be the result of non-optimal XDC constraints or non-optimal design architecture
Related violations: <none>

TIMING-16#41 Warning
Large setup violation  
There is a large setup violation of -4.391 ns between design_1_i/cg_fpga_0/inst/cg_fpga_axi_gpio_o1/U0/gpio_core_1/Dual.gpio_Data_Out_reg[8]/C (clocked by clk_fpga_0) and design_1_i/top_0/inst/Loongarch32_Lite_FullSyS0/Loongarch32_Lite0/if_stage0/pc_reg[9]/D (clocked by clk_out1_design_1_clk_wiz_0_1). Large setup violations at the end of those stages might be difficult to fix during the post-placement implementation flow and could be the result of non-optimal XDC constraints or non-optimal design architecture
Related violations: <none>

TIMING-16#42 Warning
Large setup violation  
There is a large setup violation of -4.396 ns between design_1_i/cg_fpga_0/inst/cg_fpga_axi_gpio_o1/U0/gpio_core_1/Dual.gpio_Data_Out_reg[8]/C (clocked by clk_fpga_0) and design_1_i/top_0/inst/Loongarch32_Lite_FullSyS0/Loongarch32_Lite0/if_stage0/pc_reg[21]/D (clocked by clk_out1_design_1_clk_wiz_0_1). Large setup violations at the end of those stages might be difficult to fix during the post-placement implementation flow and could be the result of non-optimal XDC constraints or non-optimal design architecture
Related violations: <none>

TIMING-16#43 Warning
Large setup violation  
There is a large setup violation of -4.397 ns between design_1_i/cg_fpga_0/inst/cg_fpga_axi_gpio_o1/U0/gpio_core_1/Dual.gpio_Data_Out_reg[8]/C (clocked by clk_fpga_0) and design_1_i/top_0/inst/Loongarch32_Lite_FullSyS0/Loongarch32_Lite0/if_stage0/pc_reg[24]/D (clocked by clk_out1_design_1_clk_wiz_0_1). Large setup violations at the end of those stages might be difficult to fix during the post-placement implementation flow and could be the result of non-optimal XDC constraints or non-optimal design architecture
Related violations: <none>

TIMING-16#44 Warning
Large setup violation  
There is a large setup violation of -4.428 ns between design_1_i/cg_fpga_0/inst/cg_fpga_axi_gpio_o1/U0/gpio_core_1/Dual.gpio_Data_Out_reg[8]/C (clocked by clk_fpga_0) and design_1_i/top_0/inst/Loongarch32_Lite_FullSyS0/Loongarch32_Lite0/if_stage0/pc_reg[30]/D (clocked by clk_out1_design_1_clk_wiz_0_1). Large setup violations at the end of those stages might be difficult to fix during the post-placement implementation flow and could be the result of non-optimal XDC constraints or non-optimal design architecture
Related violations: <none>

TIMING-16#45 Warning
Large setup violation  
There is a large setup violation of -4.434 ns between design_1_i/cg_fpga_0/inst/cg_fpga_axi_gpio_o1/U0/gpio_core_1/Dual.gpio_Data_Out_reg[8]/C (clocked by clk_fpga_0) and design_1_i/top_0/inst/Loongarch32_Lite_FullSyS0/Loongarch32_Lite0/if_stage0/pc_reg[3]/D (clocked by clk_out1_design_1_clk_wiz_0_1). Large setup violations at the end of those stages might be difficult to fix during the post-placement implementation flow and could be the result of non-optimal XDC constraints or non-optimal design architecture
Related violations: <none>

TIMING-16#46 Warning
Large setup violation  
There is a large setup violation of -4.439 ns between design_1_i/cg_fpga_0/inst/cg_fpga_axi_gpio_o1/U0/gpio_core_1/Dual.gpio_Data_Out_reg[8]/C (clocked by clk_fpga_0) and design_1_i/top_0/inst/Loongarch32_Lite_FullSyS0/Loongarch32_Lite0/if_stage0/pc_reg[22]/D (clocked by clk_out1_design_1_clk_wiz_0_1). Large setup violations at the end of those stages might be difficult to fix during the post-placement implementation flow and could be the result of non-optimal XDC constraints or non-optimal design architecture
Related violations: <none>

TIMING-16#47 Warning
Large setup violation  
There is a large setup violation of -4.440 ns between design_1_i/cg_fpga_0/inst/cg_fpga_axi_gpio_o1/U0/gpio_core_1/Dual.gpio_Data_Out_reg[8]/C (clocked by clk_fpga_0) and design_1_i/top_0/inst/Loongarch32_Lite_FullSyS0/Loongarch32_Lite0/if_stage0/pc_reg[27]/D (clocked by clk_out1_design_1_clk_wiz_0_1). Large setup violations at the end of those stages might be difficult to fix during the post-placement implementation flow and could be the result of non-optimal XDC constraints or non-optimal design architecture
Related violations: <none>

TIMING-16#48 Warning
Large setup violation  
There is a large setup violation of -4.443 ns between design_1_i/cg_fpga_0/inst/cg_fpga_axi_gpio_o1/U0/gpio_core_1/Dual.gpio_Data_Out_reg[8]/C (clocked by clk_fpga_0) and design_1_i/top_0/inst/Loongarch32_Lite_FullSyS0/Loongarch32_Lite0/if_stage0/pc_reg[14]/D (clocked by clk_out1_design_1_clk_wiz_0_1). Large setup violations at the end of those stages might be difficult to fix during the post-placement implementation flow and could be the result of non-optimal XDC constraints or non-optimal design architecture
Related violations: <none>

TIMING-16#49 Warning
Large setup violation  
There is a large setup violation of -4.445 ns between design_1_i/cg_fpga_0/inst/cg_fpga_axi_gpio_o1/U0/gpio_core_1/Dual.gpio_Data_Out_reg[8]/C (clocked by clk_fpga_0) and design_1_i/top_0/inst/Loongarch32_Lite_FullSyS0/Loongarch32_Lite0/if_stage0/pc_reg[1]/D (clocked by clk_out1_design_1_clk_wiz_0_1). Large setup violations at the end of those stages might be difficult to fix during the post-placement implementation flow and could be the result of non-optimal XDC constraints or non-optimal design architecture
Related violations: <none>

TIMING-16#50 Warning
Large setup violation  
There is a large setup violation of -4.445 ns between design_1_i/cg_fpga_0/inst/cg_fpga_axi_gpio_o1/U0/gpio_core_1/Dual.gpio_Data_Out_reg[8]/C (clocked by clk_fpga_0) and design_1_i/top_0/inst/Loongarch32_Lite_FullSyS0/Loongarch32_Lite0/if_stage0/pc_reg[23]/D (clocked by clk_out1_design_1_clk_wiz_0_1). Large setup violations at the end of those stages might be difficult to fix during the post-placement implementation flow and could be the result of non-optimal XDC constraints or non-optimal design architecture
Related violations: <none>

TIMING-16#51 Warning
Large setup violation  
There is a large setup violation of -4.476 ns between design_1_i/cg_fpga_0/inst/cg_fpga_axi_gpio_o1/U0/gpio_core_1/Dual.gpio_Data_Out_reg[8]/C (clocked by clk_fpga_0) and design_1_i/top_0/inst/Loongarch32_Lite_FullSyS0/Loongarch32_Lite0/if_stage0/pc_reg[29]/D (clocked by clk_out1_design_1_clk_wiz_0_1). Large setup violations at the end of those stages might be difficult to fix during the post-placement implementation flow and could be the result of non-optimal XDC constraints or non-optimal design architecture
Related violations: <none>

TIMING-16#52 Warning
Large setup violation  
There is a large setup violation of -4.486 ns between design_1_i/cg_fpga_0/inst/cg_fpga_axi_gpio_o1/U0/gpio_core_1/Dual.gpio_Data_Out_reg[8]/C (clocked by clk_fpga_0) and design_1_i/top_0/inst/Loongarch32_Lite_FullSyS0/Loongarch32_Lite0/if_stage0/pc_reg[15]/D (clocked by clk_out1_design_1_clk_wiz_0_1). Large setup violations at the end of those stages might be difficult to fix during the post-placement implementation flow and could be the result of non-optimal XDC constraints or non-optimal design architecture
Related violations: <none>

TIMING-16#53 Warning
Large setup violation  
There is a large setup violation of -4.488 ns between design_1_i/cg_fpga_0/inst/cg_fpga_axi_gpio_o1/U0/gpio_core_1/Dual.gpio_Data_Out_reg[8]/C (clocked by clk_fpga_0) and design_1_i/top_0/inst/Loongarch32_Lite_FullSyS0/Loongarch32_Lite0/if_stage0/pc_reg[17]/D (clocked by clk_out1_design_1_clk_wiz_0_1). Large setup violations at the end of those stages might be difficult to fix during the post-placement implementation flow and could be the result of non-optimal XDC constraints or non-optimal design architecture
Related violations: <none>

TIMING-16#54 Warning
Large setup violation  
There is a large setup violation of -4.529 ns between design_1_i/cg_fpga_0/inst/cg_fpga_axi_gpio_o1/U0/gpio_core_1/Dual.gpio_Data_Out_reg[8]/C (clocked by clk_fpga_0) and design_1_i/top_0/inst/Loongarch32_Lite_FullSyS0/Loongarch32_Lite0/if_stage0/pc_reg[4]/D (clocked by clk_out1_design_1_clk_wiz_0_1). Large setup violations at the end of those stages might be difficult to fix during the post-placement implementation flow and could be the result of non-optimal XDC constraints or non-optimal design architecture
Related violations: <none>

TIMING-16#55 Warning
Large setup violation  
There is a large setup violation of -4.538 ns between design_1_i/cg_fpga_0/inst/cg_fpga_axi_gpio_o1/U0/gpio_core_1/Dual.gpio_Data_Out_reg[8]/C (clocked by clk_fpga_0) and design_1_i/top_0/inst/Loongarch32_Lite_FullSyS0/Loongarch32_Lite0/if_stage0/pc_reg[26]/D (clocked by clk_out1_design_1_clk_wiz_0_1). Large setup violations at the end of those stages might be difficult to fix during the post-placement implementation flow and could be the result of non-optimal XDC constraints or non-optimal design architecture
Related violations: <none>

TIMING-16#56 Warning
Large setup violation  
There is a large setup violation of -4.546 ns between design_1_i/cg_fpga_0/inst/cg_fpga_axi_gpio_o1/U0/gpio_core_1/Dual.gpio_Data_Out_reg[8]/C (clocked by clk_fpga_0) and design_1_i/top_0/inst/Loongarch32_Lite_FullSyS0/Loongarch32_Lite0/if_stage0/pc_reg[2]/D (clocked by clk_out1_design_1_clk_wiz_0_1). Large setup violations at the end of those stages might be difficult to fix during the post-placement implementation flow and could be the result of non-optimal XDC constraints or non-optimal design architecture
Related violations: <none>

TIMING-16#57 Warning
Large setup violation  
There is a large setup violation of -4.578 ns between design_1_i/cg_fpga_0/inst/cg_fpga_axi_gpio_o1/U0/gpio_core_1/Dual.gpio_Data_Out_reg[8]/C (clocked by clk_fpga_0) and design_1_i/top_0/inst/Loongarch32_Lite_FullSyS0/Loongarch32_Lite0/if_stage0/pc_reg[19]/D (clocked by clk_out1_design_1_clk_wiz_0_1). Large setup violations at the end of those stages might be difficult to fix during the post-placement implementation flow and could be the result of non-optimal XDC constraints or non-optimal design architecture
Related violations: <none>

TIMING-16#58 Warning
Large setup violation  
There is a large setup violation of -4.588 ns between design_1_i/cg_fpga_0/inst/cg_fpga_axi_gpio_o1/U0/gpio_core_1/Dual.gpio_Data_Out_reg[8]/C (clocked by clk_fpga_0) and design_1_i/top_0/inst/Loongarch32_Lite_FullSyS0/Loongarch32_Lite0/if_stage0/pc_reg[25]/D (clocked by clk_out1_design_1_clk_wiz_0_1). Large setup violations at the end of those stages might be difficult to fix during the post-placement implementation flow and could be the result of non-optimal XDC constraints or non-optimal design architecture
Related violations: <none>

TIMING-16#59 Warning
Large setup violation  
There is a large setup violation of -4.594 ns between design_1_i/cg_fpga_0/inst/cg_fpga_axi_gpio_o1/U0/gpio_core_1/Dual.gpio_Data_Out_reg[8]/C (clocked by clk_fpga_0) and design_1_i/top_0/inst/Loongarch32_Lite_FullSyS0/Loongarch32_Lite0/if_stage0/pc_reg[20]/D (clocked by clk_out1_design_1_clk_wiz_0_1). Large setup violations at the end of those stages might be difficult to fix during the post-placement implementation flow and could be the result of non-optimal XDC constraints or non-optimal design architecture
Related violations: <none>

TIMING-16#60 Warning
Large setup violation  
There is a large setup violation of -5.341 ns between design_1_i/cg_fpga_0/inst/cg_fpga_axi_gpio_o1/U0/gpio_core_1/Dual.gpio_Data_Out_reg[8]/C (clocked by clk_fpga_0) and design_1_i/top_0/inst/Loongarch32_Lite_FullSyS0/Loongarch32_Lite0/ifid_reg0/id_pc_reg[27]/R (clocked by clk_out1_design_1_clk_wiz_0_1). Large setup violations at the end of those stages might be difficult to fix during the post-placement implementation flow and could be the result of non-optimal XDC constraints or non-optimal design architecture
Related violations: <none>

TIMING-16#61 Warning
Large setup violation  
There is a large setup violation of -5.341 ns between design_1_i/cg_fpga_0/inst/cg_fpga_axi_gpio_o1/U0/gpio_core_1/Dual.gpio_Data_Out_reg[8]/C (clocked by clk_fpga_0) and design_1_i/top_0/inst/Loongarch32_Lite_FullSyS0/Loongarch32_Lite0/ifid_reg0/id_pc_reg[30]/R (clocked by clk_out1_design_1_clk_wiz_0_1). Large setup violations at the end of those stages might be difficult to fix during the post-placement implementation flow and could be the result of non-optimal XDC constraints or non-optimal design architecture
Related violations: <none>

TIMING-16#62 Warning
Large setup violation  
There is a large setup violation of -5.341 ns between design_1_i/cg_fpga_0/inst/cg_fpga_axi_gpio_o1/U0/gpio_core_1/Dual.gpio_Data_Out_reg[8]/C (clocked by clk_fpga_0) and design_1_i/top_0/inst/Loongarch32_Lite_FullSyS0/Loongarch32_Lite0/ifid_reg0/id_pc_reg[8]/R (clocked by clk_out1_design_1_clk_wiz_0_1). Large setup violations at the end of those stages might be difficult to fix during the post-placement implementation flow and could be the result of non-optimal XDC constraints or non-optimal design architecture
Related violations: <none>

TIMING-16#63 Warning
Large setup violation  
There is a large setup violation of -5.341 ns between design_1_i/cg_fpga_0/inst/cg_fpga_axi_gpio_o1/U0/gpio_core_1/Dual.gpio_Data_Out_reg[8]/C (clocked by clk_fpga_0) and design_1_i/top_0/inst/Loongarch32_Lite_FullSyS0/Loongarch32_Lite0/ifid_reg0/id_pc_reg[9]/R (clocked by clk_out1_design_1_clk_wiz_0_1). Large setup violations at the end of those stages might be difficult to fix during the post-placement implementation flow and could be the result of non-optimal XDC constraints or non-optimal design architecture
Related violations: <none>

TIMING-16#64 Warning
Large setup violation  
There is a large setup violation of -5.379 ns between design_1_i/cg_fpga_0/inst/cg_fpga_axi_gpio_o1/U0/gpio_core_1/Dual.gpio_Data_Out_reg[8]/C (clocked by clk_fpga_0) and design_1_i/top_0/inst/Loongarch32_Lite_FullSyS0/Loongarch32_Lite0/ifid_reg0/id_inst_reg[31]/R (clocked by clk_out1_design_1_clk_wiz_0_1). Large setup violations at the end of those stages might be difficult to fix during the post-placement implementation flow and could be the result of non-optimal XDC constraints or non-optimal design architecture
Related violations: <none>

TIMING-16#65 Warning
Large setup violation  
There is a large setup violation of -5.381 ns between design_1_i/cg_fpga_0/inst/cg_fpga_axi_gpio_o1/U0/gpio_core_1/Dual.gpio_Data_Out_reg[8]/C (clocked by clk_fpga_0) and design_1_i/top_0/inst/Loongarch32_Lite_FullSyS0/Loongarch32_Lite0/ifid_reg0/id_inst_reg[26]/R (clocked by clk_out1_design_1_clk_wiz_0_1). Large setup violations at the end of those stages might be difficult to fix during the post-placement implementation flow and could be the result of non-optimal XDC constraints or non-optimal design architecture
Related violations: <none>

TIMING-16#66 Warning
Large setup violation  
There is a large setup violation of -5.436 ns between design_1_i/cg_fpga_0/inst/cg_fpga_axi_gpio_o1/U0/gpio_core_1/Dual.gpio_Data_Out_reg[8]/C (clocked by clk_fpga_0) and design_1_i/top_0/inst/Loongarch32_Lite_FullSyS0/Loongarch32_Lite0/ifid_reg0/id_inst_reg[30]/R (clocked by clk_out1_design_1_clk_wiz_0_1). Large setup violations at the end of those stages might be difficult to fix during the post-placement implementation flow and could be the result of non-optimal XDC constraints or non-optimal design architecture
Related violations: <none>

TIMING-16#67 Warning
Large setup violation  
There is a large setup violation of -5.480 ns between design_1_i/cg_fpga_0/inst/cg_fpga_axi_gpio_o1/U0/gpio_core_1/Dual.gpio_Data_Out_reg[8]/C (clocked by clk_fpga_0) and design_1_i/top_0/inst/Loongarch32_Lite_FullSyS0/Loongarch32_Lite0/ifid_reg0/id_inst_reg[8]/R (clocked by clk_out1_design_1_clk_wiz_0_1). Large setup violations at the end of those stages might be difficult to fix during the post-placement implementation flow and could be the result of non-optimal XDC constraints or non-optimal design architecture
Related violations: <none>

TIMING-16#68 Warning
Large setup violation  
There is a large setup violation of -5.480 ns between design_1_i/cg_fpga_0/inst/cg_fpga_axi_gpio_o1/U0/gpio_core_1/Dual.gpio_Data_Out_reg[8]/C (clocked by clk_fpga_0) and design_1_i/top_0/inst/Loongarch32_Lite_FullSyS0/Loongarch32_Lite0/ifid_reg0/id_pc_reg[29]/R (clocked by clk_out1_design_1_clk_wiz_0_1). Large setup violations at the end of those stages might be difficult to fix during the post-placement implementation flow and could be the result of non-optimal XDC constraints or non-optimal design architecture
Related violations: <none>

TIMING-16#69 Warning
Large setup violation  
There is a large setup violation of -5.483 ns between design_1_i/cg_fpga_0/inst/cg_fpga_axi_gpio_o1/U0/gpio_core_1/Dual.gpio_Data_Out_reg[8]/C (clocked by clk_fpga_0) and design_1_i/top_0/inst/Loongarch32_Lite_FullSyS0/Loongarch32_Lite0/ifid_reg0/id_inst_reg[25]/R (clocked by clk_out1_design_1_clk_wiz_0_1). Large setup violations at the end of those stages might be difficult to fix during the post-placement implementation flow and could be the result of non-optimal XDC constraints or non-optimal design architecture
Related violations: <none>

TIMING-16#70 Warning
Large setup violation  
There is a large setup violation of -5.483 ns between design_1_i/cg_fpga_0/inst/cg_fpga_axi_gpio_o1/U0/gpio_core_1/Dual.gpio_Data_Out_reg[8]/C (clocked by clk_fpga_0) and design_1_i/top_0/inst/Loongarch32_Lite_FullSyS0/Loongarch32_Lite0/ifid_reg0/id_pc_reg[26]/R (clocked by clk_out1_design_1_clk_wiz_0_1). Large setup violations at the end of those stages might be difficult to fix during the post-placement implementation flow and could be the result of non-optimal XDC constraints or non-optimal design architecture
Related violations: <none>

TIMING-16#71 Warning
Large setup violation  
There is a large setup violation of -5.483 ns between design_1_i/cg_fpga_0/inst/cg_fpga_axi_gpio_o1/U0/gpio_core_1/Dual.gpio_Data_Out_reg[8]/C (clocked by clk_fpga_0) and design_1_i/top_0/inst/Loongarch32_Lite_FullSyS0/Loongarch32_Lite0/ifid_reg0/id_pc_reg[28]/R (clocked by clk_out1_design_1_clk_wiz_0_1). Large setup violations at the end of those stages might be difficult to fix during the post-placement implementation flow and could be the result of non-optimal XDC constraints or non-optimal design architecture
Related violations: <none>

TIMING-16#72 Warning
Large setup violation  
There is a large setup violation of -5.483 ns between design_1_i/cg_fpga_0/inst/cg_fpga_axi_gpio_o1/U0/gpio_core_1/Dual.gpio_Data_Out_reg[8]/C (clocked by clk_fpga_0) and design_1_i/top_0/inst/Loongarch32_Lite_FullSyS0/Loongarch32_Lite0/ifid_reg0/id_pc_reg[31]/S (clocked by clk_out1_design_1_clk_wiz_0_1). Large setup violations at the end of those stages might be difficult to fix during the post-placement implementation flow and could be the result of non-optimal XDC constraints or non-optimal design architecture
Related violations: <none>

TIMING-16#73 Warning
Large setup violation  
There is a large setup violation of -5.483 ns between design_1_i/cg_fpga_0/inst/cg_fpga_axi_gpio_o1/U0/gpio_core_1/Dual.gpio_Data_Out_reg[8]/C (clocked by clk_fpga_0) and design_1_i/top_0/inst/Loongarch32_Lite_FullSyS0/Loongarch32_Lite0/ifid_reg0/id_pc_reg[5]/R (clocked by clk_out1_design_1_clk_wiz_0_1). Large setup violations at the end of those stages might be difficult to fix during the post-placement implementation flow and could be the result of non-optimal XDC constraints or non-optimal design architecture
Related violations: <none>

TIMING-16#74 Warning
Large setup violation  
There is a large setup violation of -5.484 ns between design_1_i/cg_fpga_0/inst/cg_fpga_axi_gpio_o1/U0/gpio_core_1/Dual.gpio_Data_Out_reg[8]/C (clocked by clk_fpga_0) and design_1_i/top_0/inst/Loongarch32_Lite_FullSyS0/Loongarch32_Lite0/ifid_reg0/id_inst_reg[3]/R (clocked by clk_out1_design_1_clk_wiz_0_1). Large setup violations at the end of those stages might be difficult to fix during the post-placement implementation flow and could be the result of non-optimal XDC constraints or non-optimal design architecture
Related violations: <none>

TIMING-16#75 Warning
Large setup violation  
There is a large setup violation of -5.484 ns between design_1_i/cg_fpga_0/inst/cg_fpga_axi_gpio_o1/U0/gpio_core_1/Dual.gpio_Data_Out_reg[8]/C (clocked by clk_fpga_0) and design_1_i/top_0/inst/Loongarch32_Lite_FullSyS0/Loongarch32_Lite0/ifid_reg0/id_inst_reg[4]/R (clocked by clk_out1_design_1_clk_wiz_0_1). Large setup violations at the end of those stages might be difficult to fix during the post-placement implementation flow and could be the result of non-optimal XDC constraints or non-optimal design architecture
Related violations: <none>

TIMING-16#76 Warning
Large setup violation  
There is a large setup violation of -5.484 ns between design_1_i/cg_fpga_0/inst/cg_fpga_axi_gpio_o1/U0/gpio_core_1/Dual.gpio_Data_Out_reg[8]/C (clocked by clk_fpga_0) and design_1_i/top_0/inst/Loongarch32_Lite_FullSyS0/Loongarch32_Lite0/ifid_reg0/id_pc_reg[11]/R (clocked by clk_out1_design_1_clk_wiz_0_1). Large setup violations at the end of those stages might be difficult to fix during the post-placement implementation flow and could be the result of non-optimal XDC constraints or non-optimal design architecture
Related violations: <none>

TIMING-16#77 Warning
Large setup violation  
There is a large setup violation of -5.484 ns between design_1_i/cg_fpga_0/inst/cg_fpga_axi_gpio_o1/U0/gpio_core_1/Dual.gpio_Data_Out_reg[8]/C (clocked by clk_fpga_0) and design_1_i/top_0/inst/Loongarch32_Lite_FullSyS0/Loongarch32_Lite0/ifid_reg0/id_pc_reg[15]/R (clocked by clk_out1_design_1_clk_wiz_0_1). Large setup violations at the end of those stages might be difficult to fix during the post-placement implementation flow and could be the result of non-optimal XDC constraints or non-optimal design architecture
Related violations: <none>

TIMING-16#78 Warning
Large setup violation  
There is a large setup violation of -5.484 ns between design_1_i/cg_fpga_0/inst/cg_fpga_axi_gpio_o1/U0/gpio_core_1/Dual.gpio_Data_Out_reg[8]/C (clocked by clk_fpga_0) and design_1_i/top_0/inst/Loongarch32_Lite_FullSyS0/Loongarch32_Lite0/ifid_reg0/id_pc_reg[22]/R (clocked by clk_out1_design_1_clk_wiz_0_1). Large setup violations at the end of those stages might be difficult to fix during the post-placement implementation flow and could be the result of non-optimal XDC constraints or non-optimal design architecture
Related violations: <none>

TIMING-16#79 Warning
Large setup violation  
There is a large setup violation of -5.484 ns between design_1_i/cg_fpga_0/inst/cg_fpga_axi_gpio_o1/U0/gpio_core_1/Dual.gpio_Data_Out_reg[8]/C (clocked by clk_fpga_0) and design_1_i/top_0/inst/Loongarch32_Lite_FullSyS0/Loongarch32_Lite0/ifid_reg0/id_pc_reg[23]/R (clocked by clk_out1_design_1_clk_wiz_0_1). Large setup violations at the end of those stages might be difficult to fix during the post-placement implementation flow and could be the result of non-optimal XDC constraints or non-optimal design architecture
Related violations: <none>

TIMING-16#80 Warning
Large setup violation  
There is a large setup violation of -5.485 ns between design_1_i/cg_fpga_0/inst/cg_fpga_axi_gpio_o1/U0/gpio_core_1/Dual.gpio_Data_Out_reg[8]/C (clocked by clk_fpga_0) and design_1_i/top_0/inst/Loongarch32_Lite_FullSyS0/Loongarch32_Lite0/ifid_reg0/id_inst_reg[27]/R (clocked by clk_out1_design_1_clk_wiz_0_1). Large setup violations at the end of those stages might be difficult to fix during the post-placement implementation flow and could be the result of non-optimal XDC constraints or non-optimal design architecture
Related violations: <none>

TIMING-16#81 Warning
Large setup violation  
There is a large setup violation of -5.485 ns between design_1_i/cg_fpga_0/inst/cg_fpga_axi_gpio_o1/U0/gpio_core_1/Dual.gpio_Data_Out_reg[8]/C (clocked by clk_fpga_0) and design_1_i/top_0/inst/Loongarch32_Lite_FullSyS0/Loongarch32_Lite0/ifid_reg0/id_pc_reg[20]/R (clocked by clk_out1_design_1_clk_wiz_0_1). Large setup violations at the end of those stages might be difficult to fix during the post-placement implementation flow and could be the result of non-optimal XDC constraints or non-optimal design architecture
Related violations: <none>

TIMING-16#82 Warning
Large setup violation  
There is a large setup violation of -5.485 ns between design_1_i/cg_fpga_0/inst/cg_fpga_axi_gpio_o1/U0/gpio_core_1/Dual.gpio_Data_Out_reg[8]/C (clocked by clk_fpga_0) and design_1_i/top_0/inst/Loongarch32_Lite_FullSyS0/Loongarch32_Lite0/ifid_reg0/id_pc_reg[25]/R (clocked by clk_out1_design_1_clk_wiz_0_1). Large setup violations at the end of those stages might be difficult to fix during the post-placement implementation flow and could be the result of non-optimal XDC constraints or non-optimal design architecture
Related violations: <none>

TIMING-16#83 Warning
Large setup violation  
There is a large setup violation of -5.486 ns between design_1_i/cg_fpga_0/inst/cg_fpga_axi_gpio_o1/U0/gpio_core_1/Dual.gpio_Data_Out_reg[8]/C (clocked by clk_fpga_0) and design_1_i/top_0/inst/Loongarch32_Lite_FullSyS0/Loongarch32_Lite0/ifid_reg0/id_inst_reg[15]/R (clocked by clk_out1_design_1_clk_wiz_0_1). Large setup violations at the end of those stages might be difficult to fix during the post-placement implementation flow and could be the result of non-optimal XDC constraints or non-optimal design architecture
Related violations: <none>

TIMING-16#84 Warning
Large setup violation  
There is a large setup violation of -5.486 ns between design_1_i/cg_fpga_0/inst/cg_fpga_axi_gpio_o1/U0/gpio_core_1/Dual.gpio_Data_Out_reg[8]/C (clocked by clk_fpga_0) and design_1_i/top_0/inst/Loongarch32_Lite_FullSyS0/Loongarch32_Lite0/ifid_reg0/id_pc_reg[4]/R (clocked by clk_out1_design_1_clk_wiz_0_1). Large setup violations at the end of those stages might be difficult to fix during the post-placement implementation flow and could be the result of non-optimal XDC constraints or non-optimal design architecture
Related violations: <none>

TIMING-16#85 Warning
Large setup violation  
There is a large setup violation of -5.494 ns between design_1_i/cg_fpga_0/inst/cg_fpga_axi_gpio_o1/U0/gpio_core_1/Dual.gpio_Data_Out_reg[8]/C (clocked by clk_fpga_0) and design_1_i/top_0/inst/Loongarch32_Lite_FullSyS0/Loongarch32_Lite0/ifid_reg0/id_pc_reg[14]/R (clocked by clk_out1_design_1_clk_wiz_0_1). Large setup violations at the end of those stages might be difficult to fix during the post-placement implementation flow and could be the result of non-optimal XDC constraints or non-optimal design architecture
Related violations: <none>

TIMING-16#86 Warning
Large setup violation  
There is a large setup violation of -5.494 ns between design_1_i/cg_fpga_0/inst/cg_fpga_axi_gpio_o1/U0/gpio_core_1/Dual.gpio_Data_Out_reg[8]/C (clocked by clk_fpga_0) and design_1_i/top_0/inst/Loongarch32_Lite_FullSyS0/Loongarch32_Lite0/ifid_reg0/id_pc_reg[21]/R (clocked by clk_out1_design_1_clk_wiz_0_1). Large setup violations at the end of those stages might be difficult to fix during the post-placement implementation flow and could be the result of non-optimal XDC constraints or non-optimal design architecture
Related violations: <none>

TIMING-16#87 Warning
Large setup violation  
There is a large setup violation of -5.494 ns between design_1_i/cg_fpga_0/inst/cg_fpga_axi_gpio_o1/U0/gpio_core_1/Dual.gpio_Data_Out_reg[8]/C (clocked by clk_fpga_0) and design_1_i/top_0/inst/Loongarch32_Lite_FullSyS0/Loongarch32_Lite0/ifid_reg0/id_pc_reg[24]/R (clocked by clk_out1_design_1_clk_wiz_0_1). Large setup violations at the end of those stages might be difficult to fix during the post-placement implementation flow and could be the result of non-optimal XDC constraints or non-optimal design architecture
Related violations: <none>

TIMING-16#88 Warning
Large setup violation  
There is a large setup violation of -5.494 ns between design_1_i/cg_fpga_0/inst/cg_fpga_axi_gpio_o1/U0/gpio_core_1/Dual.gpio_Data_Out_reg[8]/C (clocked by clk_fpga_0) and design_1_i/top_0/inst/Loongarch32_Lite_FullSyS0/Loongarch32_Lite0/ifid_reg0/id_pc_reg[6]/R (clocked by clk_out1_design_1_clk_wiz_0_1). Large setup violations at the end of those stages might be difficult to fix during the post-placement implementation flow and could be the result of non-optimal XDC constraints or non-optimal design architecture
Related violations: <none>

TIMING-16#89 Warning
Large setup violation  
There is a large setup violation of -5.504 ns between design_1_i/cg_fpga_0/inst/cg_fpga_axi_gpio_o1/U0/gpio_core_1/Dual.gpio_Data_Out_reg[8]/C (clocked by clk_fpga_0) and design_1_i/top_0/inst/Loongarch32_Lite_FullSyS0/Loongarch32_Lite0/ifid_reg0/id_inst_reg[2]/R (clocked by clk_out1_design_1_clk_wiz_0_1). Large setup violations at the end of those stages might be difficult to fix during the post-placement implementation flow and could be the result of non-optimal XDC constraints or non-optimal design architecture
Related violations: <none>

TIMING-16#90 Warning
Large setup violation  
There is a large setup violation of -5.504 ns between design_1_i/cg_fpga_0/inst/cg_fpga_axi_gpio_o1/U0/gpio_core_1/Dual.gpio_Data_Out_reg[8]/C (clocked by clk_fpga_0) and design_1_i/top_0/inst/Loongarch32_Lite_FullSyS0/Loongarch32_Lite0/ifid_reg0/id_pc_reg[19]/R (clocked by clk_out1_design_1_clk_wiz_0_1). Large setup violations at the end of those stages might be difficult to fix during the post-placement implementation flow and could be the result of non-optimal XDC constraints or non-optimal design architecture
Related violations: <none>

TIMING-16#91 Warning
Large setup violation  
There is a large setup violation of -5.515 ns between design_1_i/cg_fpga_0/inst/cg_fpga_axi_gpio_o1/U0/gpio_core_1/Dual.gpio_Data_Out_reg[8]/C (clocked by clk_fpga_0) and design_1_i/top_0/inst/Loongarch32_Lite_FullSyS0/Loongarch32_Lite0/ifid_reg0/id_inst_reg[5]/R (clocked by clk_out1_design_1_clk_wiz_0_1). Large setup violations at the end of those stages might be difficult to fix during the post-placement implementation flow and could be the result of non-optimal XDC constraints or non-optimal design architecture
Related violations: <none>

TIMING-16#92 Warning
Large setup violation  
There is a large setup violation of -5.515 ns between design_1_i/cg_fpga_0/inst/cg_fpga_axi_gpio_o1/U0/gpio_core_1/Dual.gpio_Data_Out_reg[8]/C (clocked by clk_fpga_0) and design_1_i/top_0/inst/Loongarch32_Lite_FullSyS0/Loongarch32_Lite0/ifid_reg0/id_pc_reg[10]/R (clocked by clk_out1_design_1_clk_wiz_0_1). Large setup violations at the end of those stages might be difficult to fix during the post-placement implementation flow and could be the result of non-optimal XDC constraints or non-optimal design architecture
Related violations: <none>

TIMING-16#93 Warning
Large setup violation  
There is a large setup violation of -5.515 ns between design_1_i/cg_fpga_0/inst/cg_fpga_axi_gpio_o1/U0/gpio_core_1/Dual.gpio_Data_Out_reg[8]/C (clocked by clk_fpga_0) and design_1_i/top_0/inst/Loongarch32_Lite_FullSyS0/Loongarch32_Lite0/ifid_reg0/id_pc_reg[1]/R (clocked by clk_out1_design_1_clk_wiz_0_1). Large setup violations at the end of those stages might be difficult to fix during the post-placement implementation flow and could be the result of non-optimal XDC constraints or non-optimal design architecture
Related violations: <none>

TIMING-16#94 Warning
Large setup violation  
There is a large setup violation of -5.515 ns between design_1_i/cg_fpga_0/inst/cg_fpga_axi_gpio_o1/U0/gpio_core_1/Dual.gpio_Data_Out_reg[8]/C (clocked by clk_fpga_0) and design_1_i/top_0/inst/Loongarch32_Lite_FullSyS0/Loongarch32_Lite0/ifid_reg0/id_pc_reg[3]/R (clocked by clk_out1_design_1_clk_wiz_0_1). Large setup violations at the end of those stages might be difficult to fix during the post-placement implementation flow and could be the result of non-optimal XDC constraints or non-optimal design architecture
Related violations: <none>

TIMING-16#95 Warning
Large setup violation  
There is a large setup violation of -5.544 ns between design_1_i/cg_fpga_0/inst/cg_fpga_axi_gpio_o1/U0/gpio_core_1/Dual.gpio_Data_Out_reg[8]/C (clocked by clk_fpga_0) and design_1_i/top_0/inst/Loongarch32_Lite_FullSyS0/Loongarch32_Lite0/ifid_reg0/id_inst_reg[9]/R (clocked by clk_out1_design_1_clk_wiz_0_1). Large setup violations at the end of those stages might be difficult to fix during the post-placement implementation flow and could be the result of non-optimal XDC constraints or non-optimal design architecture
Related violations: <none>

TIMING-16#96 Warning
Large setup violation  
There is a large setup violation of -5.562 ns between design_1_i/cg_fpga_0/inst/cg_fpga_axi_gpio_o1/U0/gpio_core_1/Dual.gpio_Data_Out_reg[8]/C (clocked by clk_fpga_0) and design_1_i/top_0/inst/Loongarch32_Lite_FullSyS0/Loongarch32_Lite0/ifid_reg0/id_inst_reg[28]/R (clocked by clk_out1_design_1_clk_wiz_0_1). Large setup violations at the end of those stages might be difficult to fix during the post-placement implementation flow and could be the result of non-optimal XDC constraints or non-optimal design architecture
Related violations: <none>

TIMING-16#97 Warning
Large setup violation  
There is a large setup violation of -5.567 ns between design_1_i/cg_fpga_0/inst/cg_fpga_axi_gpio_o1/U0/gpio_core_1/Dual.gpio_Data_Out_reg[8]/C (clocked by clk_fpga_0) and design_1_i/top_0/inst/Loongarch32_Lite_FullSyS0/Loongarch32_Lite0/ifid_reg0/id_inst_reg[29]/R (clocked by clk_out1_design_1_clk_wiz_0_1). Large setup violations at the end of those stages might be difficult to fix during the post-placement implementation flow and could be the result of non-optimal XDC constraints or non-optimal design architecture
Related violations: <none>

TIMING-16#98 Warning
Large setup violation  
There is a large setup violation of -5.578 ns between design_1_i/cg_fpga_0/inst/cg_fpga_axi_gpio_o1/U0/gpio_core_1/Dual.gpio_Data_Out_reg[8]/C (clocked by clk_fpga_0) and design_1_i/top_0/inst/Loongarch32_Lite_FullSyS0/Loongarch32_Lite0/ifid_reg0/id_pc_reg[18]/R (clocked by clk_out1_design_1_clk_wiz_0_1). Large setup violations at the end of those stages might be difficult to fix during the post-placement implementation flow and could be the result of non-optimal XDC constraints or non-optimal design architecture
Related violations: <none>

TIMING-16#99 Warning
Large setup violation  
There is a large setup violation of -5.581 ns between design_1_i/cg_fpga_0/inst/cg_fpga_axi_gpio_o1/U0/gpio_core_1/Dual.gpio_Data_Out_reg[8]/C (clocked by clk_fpga_0) and design_1_i/top_0/inst/Loongarch32_Lite_FullSyS0/Loongarch32_Lite0/ifid_reg0/id_pc_reg[17]/R (clocked by clk_out1_design_1_clk_wiz_0_1). Large setup violations at the end of those stages might be difficult to fix during the post-placement implementation flow and could be the result of non-optimal XDC constraints or non-optimal design architecture
Related violations: <none>

TIMING-16#100 Warning
Large setup violation  
There is a large setup violation of -5.610 ns between design_1_i/cg_fpga_0/inst/cg_fpga_axi_gpio_o1/U0/gpio_core_1/Dual.gpio_Data_Out_reg[8]/C (clocked by clk_fpga_0) and design_1_i/top_0/inst/Loongarch32_Lite_FullSyS0/Loongarch32_Lite0/ifid_reg0/id_pc_reg[13]/R (clocked by clk_out1_design_1_clk_wiz_0_1). Large setup violations at the end of those stages might be difficult to fix during the post-placement implementation flow and could be the result of non-optimal XDC constraints or non-optimal design architecture
Related violations: <none>

TIMING-16#101 Warning
Large setup violation  
There is a large setup violation of -5.618 ns between design_1_i/cg_fpga_0/inst/cg_fpga_axi_gpio_o1/U0/gpio_core_1/Dual.gpio_Data_Out_reg[8]/C (clocked by clk_fpga_0) and design_1_i/top_0/inst/Loongarch32_Lite_FullSyS0/Loongarch32_Lite0/ifid_reg0/id_pc_reg[12]/R (clocked by clk_out1_design_1_clk_wiz_0_1). Large setup violations at the end of those stages might be difficult to fix during the post-placement implementation flow and could be the result of non-optimal XDC constraints or non-optimal design architecture
Related violations: <none>

TIMING-16#102 Warning
Large setup violation  
There is a large setup violation of -5.618 ns between design_1_i/cg_fpga_0/inst/cg_fpga_axi_gpio_o1/U0/gpio_core_1/Dual.gpio_Data_Out_reg[8]/C (clocked by clk_fpga_0) and design_1_i/top_0/inst/Loongarch32_Lite_FullSyS0/Loongarch32_Lite0/ifid_reg0/id_pc_reg[7]/R (clocked by clk_out1_design_1_clk_wiz_0_1). Large setup violations at the end of those stages might be difficult to fix during the post-placement implementation flow and could be the result of non-optimal XDC constraints or non-optimal design architecture
Related violations: <none>

TIMING-16#103 Warning
Large setup violation  
There is a large setup violation of -5.621 ns between design_1_i/cg_fpga_0/inst/cg_fpga_axi_gpio_o1/U0/gpio_core_1/Dual.gpio_Data_Out_reg[8]/C (clocked by clk_fpga_0) and design_1_i/top_0/inst/Loongarch32_Lite_FullSyS0/Loongarch32_Lite0/ifid_reg0/id_inst_reg[0]/R (clocked by clk_out1_design_1_clk_wiz_0_1). Large setup violations at the end of those stages might be difficult to fix during the post-placement implementation flow and could be the result of non-optimal XDC constraints or non-optimal design architecture
Related violations: <none>

TIMING-16#104 Warning
Large setup violation  
There is a large setup violation of -5.621 ns between design_1_i/cg_fpga_0/inst/cg_fpga_axi_gpio_o1/U0/gpio_core_1/Dual.gpio_Data_Out_reg[8]/C (clocked by clk_fpga_0) and design_1_i/top_0/inst/Loongarch32_Lite_FullSyS0/Loongarch32_Lite0/ifid_reg0/id_inst_reg[1]/R (clocked by clk_out1_design_1_clk_wiz_0_1). Large setup violations at the end of those stages might be difficult to fix during the post-placement implementation flow and could be the result of non-optimal XDC constraints or non-optimal design architecture
Related violations: <none>

TIMING-16#105 Warning
Large setup violation  
There is a large setup violation of -5.621 ns between design_1_i/cg_fpga_0/inst/cg_fpga_axi_gpio_o1/U0/gpio_core_1/Dual.gpio_Data_Out_reg[8]/C (clocked by clk_fpga_0) and design_1_i/top_0/inst/Loongarch32_Lite_FullSyS0/Loongarch32_Lite0/ifid_reg0/id_inst_reg[6]/R (clocked by clk_out1_design_1_clk_wiz_0_1). Large setup violations at the end of those stages might be difficult to fix during the post-placement implementation flow and could be the result of non-optimal XDC constraints or non-optimal design architecture
Related violations: <none>

TIMING-16#106 Warning
Large setup violation  
There is a large setup violation of -5.621 ns between design_1_i/cg_fpga_0/inst/cg_fpga_axi_gpio_o1/U0/gpio_core_1/Dual.gpio_Data_Out_reg[8]/C (clocked by clk_fpga_0) and design_1_i/top_0/inst/Loongarch32_Lite_FullSyS0/Loongarch32_Lite0/ifid_reg0/id_pc_reg[16]/R (clocked by clk_out1_design_1_clk_wiz_0_1). Large setup violations at the end of those stages might be difficult to fix during the post-placement implementation flow and could be the result of non-optimal XDC constraints or non-optimal design architecture
Related violations: <none>

TIMING-16#107 Warning
Large setup violation  
There is a large setup violation of -5.621 ns between design_1_i/cg_fpga_0/inst/cg_fpga_axi_gpio_o1/U0/gpio_core_1/Dual.gpio_Data_Out_reg[8]/C (clocked by clk_fpga_0) and design_1_i/top_0/inst/Loongarch32_Lite_FullSyS0/Loongarch32_Lite0/ifid_reg0/id_pc_reg[2]/R (clocked by clk_out1_design_1_clk_wiz_0_1). Large setup violations at the end of those stages might be difficult to fix during the post-placement implementation flow and could be the result of non-optimal XDC constraints or non-optimal design architecture
Related violations: <none>

TIMING-16#108 Warning
Large setup violation  
There is a large setup violation of -5.634 ns between design_1_i/cg_fpga_0/inst/cg_fpga_axi_gpio_o1/U0/gpio_core_1/Dual.gpio_Data_Out_reg[8]/C (clocked by clk_fpga_0) and design_1_i/top_0/inst/Loongarch32_Lite_FullSyS0/Loongarch32_Lite0/ifid_reg0/id_inst_reg[11]/R (clocked by clk_out1_design_1_clk_wiz_0_1). Large setup violations at the end of those stages might be difficult to fix during the post-placement implementation flow and could be the result of non-optimal XDC constraints or non-optimal design architecture
Related violations: <none>

TIMING-16#109 Warning
Large setup violation  
There is a large setup violation of -5.638 ns between design_1_i/cg_fpga_0/inst/cg_fpga_axi_gpio_o1/U0/gpio_core_1/Dual.gpio_Data_Out_reg[8]/C (clocked by clk_fpga_0) and design_1_i/top_0/inst/Loongarch32_Lite_FullSyS0/Loongarch32_Lite0/ifid_reg0/id_inst_reg[17]/R (clocked by clk_out1_design_1_clk_wiz_0_1). Large setup violations at the end of those stages might be difficult to fix during the post-placement implementation flow and could be the result of non-optimal XDC constraints or non-optimal design architecture
Related violations: <none>

TIMING-16#110 Warning
Large setup violation  
There is a large setup violation of -5.640 ns between design_1_i/cg_fpga_0/inst/cg_fpga_axi_gpio_o1/U0/gpio_core_1/Dual.gpio_Data_Out_reg[8]/C (clocked by clk_fpga_0) and design_1_i/top_0/inst/Loongarch32_Lite_FullSyS0/Loongarch32_Lite0/ifid_reg0/id_inst_reg[12]/R (clocked by clk_out1_design_1_clk_wiz_0_1). Large setup violations at the end of those stages might be difficult to fix during the post-placement implementation flow and could be the result of non-optimal XDC constraints or non-optimal design architecture
Related violations: <none>

TIMING-16#111 Warning
Large setup violation  
There is a large setup violation of -5.640 ns between design_1_i/cg_fpga_0/inst/cg_fpga_axi_gpio_o1/U0/gpio_core_1/Dual.gpio_Data_Out_reg[8]/C (clocked by clk_fpga_0) and design_1_i/top_0/inst/Loongarch32_Lite_FullSyS0/Loongarch32_Lite0/ifid_reg0/id_inst_reg[23]/R (clocked by clk_out1_design_1_clk_wiz_0_1). Large setup violations at the end of those stages might be difficult to fix during the post-placement implementation flow and could be the result of non-optimal XDC constraints or non-optimal design architecture
Related violations: <none>

TIMING-16#112 Warning
Large setup violation  
There is a large setup violation of -5.644 ns between design_1_i/cg_fpga_0/inst/cg_fpga_axi_gpio_o1/U0/gpio_core_1/Dual.gpio_Data_Out_reg[8]/C (clocked by clk_fpga_0) and design_1_i/top_0/inst/Loongarch32_Lite_FullSyS0/Loongarch32_Lite0/ifid_reg0/id_inst_reg[21]/R (clocked by clk_out1_design_1_clk_wiz_0_1). Large setup violations at the end of those stages might be difficult to fix during the post-placement implementation flow and could be the result of non-optimal XDC constraints or non-optimal design architecture
Related violations: <none>

TIMING-16#113 Warning
Large setup violation  
There is a large setup violation of -5.644 ns between design_1_i/cg_fpga_0/inst/cg_fpga_axi_gpio_o1/U0/gpio_core_1/Dual.gpio_Data_Out_reg[8]/C (clocked by clk_fpga_0) and design_1_i/top_0/inst/Loongarch32_Lite_FullSyS0/Loongarch32_Lite0/ifid_reg0/id_inst_reg[22]/R (clocked by clk_out1_design_1_clk_wiz_0_1). Large setup violations at the end of those stages might be difficult to fix during the post-placement implementation flow and could be the result of non-optimal XDC constraints or non-optimal design architecture
Related violations: <none>

TIMING-16#114 Warning
Large setup violation  
There is a large setup violation of -5.648 ns between design_1_i/cg_fpga_0/inst/cg_fpga_axi_gpio_o1/U0/gpio_core_1/Dual.gpio_Data_Out_reg[8]/C (clocked by clk_fpga_0) and design_1_i/top_0/inst/Loongarch32_Lite_FullSyS0/Loongarch32_Lite0/ifid_reg0/id_inst_reg[14]/R (clocked by clk_out1_design_1_clk_wiz_0_1). Large setup violations at the end of those stages might be difficult to fix during the post-placement implementation flow and could be the result of non-optimal XDC constraints or non-optimal design architecture
Related violations: <none>

TIMING-16#115 Warning
Large setup violation  
There is a large setup violation of -5.650 ns between design_1_i/cg_fpga_0/inst/cg_fpga_axi_gpio_o1/U0/gpio_core_1/Dual.gpio_Data_Out_reg[8]/C (clocked by clk_fpga_0) and design_1_i/top_0/inst/Loongarch32_Lite_FullSyS0/Loongarch32_Lite0/ifid_reg0/id_inst_reg[13]/R (clocked by clk_out1_design_1_clk_wiz_0_1). Large setup violations at the end of those stages might be difficult to fix during the post-placement implementation flow and could be the result of non-optimal XDC constraints or non-optimal design architecture
Related violations: <none>

TIMING-16#116 Warning
Large setup violation  
There is a large setup violation of -5.650 ns between design_1_i/cg_fpga_0/inst/cg_fpga_axi_gpio_o1/U0/gpio_core_1/Dual.gpio_Data_Out_reg[8]/C (clocked by clk_fpga_0) and design_1_i/top_0/inst/Loongarch32_Lite_FullSyS0/Loongarch32_Lite0/ifid_reg0/id_inst_reg[24]/R (clocked by clk_out1_design_1_clk_wiz_0_1). Large setup violations at the end of those stages might be difficult to fix during the post-placement implementation flow and could be the result of non-optimal XDC constraints or non-optimal design architecture
Related violations: <none>

TIMING-16#117 Warning
Large setup violation  
There is a large setup violation of -5.652 ns between design_1_i/cg_fpga_0/inst/cg_fpga_axi_gpio_o1/U0/gpio_core_1/Dual.gpio_Data_Out_reg[8]/C (clocked by clk_fpga_0) and design_1_i/top_0/inst/Loongarch32_Lite_FullSyS0/Loongarch32_Lite0/ifid_reg0/id_inst_reg[19]/R (clocked by clk_out1_design_1_clk_wiz_0_1). Large setup violations at the end of those stages might be difficult to fix during the post-placement implementation flow and could be the result of non-optimal XDC constraints or non-optimal design architecture
Related violations: <none>

TIMING-16#118 Warning
Large setup violation  
There is a large setup violation of -5.654 ns between design_1_i/cg_fpga_0/inst/cg_fpga_axi_gpio_o1/U0/gpio_core_1/Dual.gpio_Data_Out_reg[8]/C (clocked by clk_fpga_0) and design_1_i/top_0/inst/Loongarch32_Lite_FullSyS0/Loongarch32_Lite0/ifid_reg0/id_inst_reg[10]/R (clocked by clk_out1_design_1_clk_wiz_0_1). Large setup violations at the end of those stages might be difficult to fix during the post-placement implementation flow and could be the result of non-optimal XDC constraints or non-optimal design architecture
Related violations: <none>

TIMING-16#119 Warning
Large setup violation  
There is a large setup violation of -5.654 ns between design_1_i/cg_fpga_0/inst/cg_fpga_axi_gpio_o1/U0/gpio_core_1/Dual.gpio_Data_Out_reg[8]/C (clocked by clk_fpga_0) and design_1_i/top_0/inst/Loongarch32_Lite_FullSyS0/Loongarch32_Lite0/ifid_reg0/id_inst_reg[20]/R (clocked by clk_out1_design_1_clk_wiz_0_1). Large setup violations at the end of those stages might be difficult to fix during the post-placement implementation flow and could be the result of non-optimal XDC constraints or non-optimal design architecture
Related violations: <none>

TIMING-16#120 Warning
Large setup violation  
There is a large setup violation of -5.667 ns between design_1_i/cg_fpga_0/inst/cg_fpga_axi_gpio_o1/U0/gpio_core_1/Dual.gpio_Data_Out_reg[8]/C (clocked by clk_fpga_0) and design_1_i/top_0/inst/Loongarch32_Lite_FullSyS0/Loongarch32_Lite0/ifid_reg0/id_inst_reg[18]/R (clocked by clk_out1_design_1_clk_wiz_0_1). Large setup violations at the end of those stages might be difficult to fix during the post-placement implementation flow and could be the result of non-optimal XDC constraints or non-optimal design architecture
Related violations: <none>

TIMING-16#121 Warning
Large setup violation  
There is a large setup violation of -5.705 ns between design_1_i/cg_fpga_0/inst/cg_fpga_axi_gpio_o1/U0/gpio_core_1/Dual.gpio_Data_Out_reg[8]/C (clocked by clk_fpga_0) and design_1_i/top_0/inst/Loongarch32_Lite_FullSyS0/Loongarch32_Lite0/ifid_reg0/id_inst_reg[16]/R (clocked by clk_out1_design_1_clk_wiz_0_1). Large setup violations at the end of those stages might be difficult to fix during the post-placement implementation flow and could be the result of non-optimal XDC constraints or non-optimal design architecture
Related violations: <none>

TIMING-27#1 Warning
Invalid primary clock on hierarchical pin  
A primary clock design_1_i/clk_wiz_0/inst/clk_in1 is created on an inappropriate internal pin design_1_i/clk_wiz_0/inst/clk_in1. It is not recommended to create a primary clock on a hierarchical pin when its driver pin has a fanout connected to multiple clock pins
Related violations: <none>


